<?xml version="1.0" encoding="UTF-8"?>
<!-- Generated by org.testng.reporters.JUnitXMLReporter -->
<testsuite hostname="TTS-SCRIT-5" ignored="0" name="Screenit Valid email and Invalid password" tests="1" failures="0" timestamp="11 Jul 2023 06:31:33 GMT" time="91.151" errors="0">
  <testcase name="@AfterMethod capture" time="0.0" classname="com.Screenit.version3.Test.LoginTestForPostiveAndNegativeFlow">
    <failure type="org.testng.TestNGException" message="
Can inject only one of &amp;lt;ITestContext, XmlTest, Method, Object[], ITestResult&amp;gt; into a @AfterMethod annotated capture.
For more information on native dependency injection please refer to http://testng.org/doc/documentation-main.html#native-dependency-injection">
      <![CDATA[org.testng.TestNGException: Can inject only one of <ITestContext, XmlTest, Method, Object[], ITestResult> into a @AfterMethod annotated capture.For more information on native dependency injection please refer to http://testng.org/doc/documentation-main.html#native-dependency-injection... Removed 25 stack frames]]>
    </failure>
  </testcase> <!-- @AfterMethod capture -->
  <testcase name="@AfterClass endTest" time="0.0" classname="com.Screenit.version3.Test.LoginTestForPostiveAndNegativeFlow">
    <skipped/>
  </testcase> <!-- @AfterClass endTest -->
  <testcase name="loginFunctionality" time="88.505" classname="com.Screenit.version3.Test.LoginTestForPostiveAndNegativeFlow"/>
</testsuite> <!-- Screenit Valid email and Invalid password -->
