<?xml version="1.0" encoding="UTF-8"?>
<!-- Generated by org.testng.reporters.JUnitXMLReporter -->
<testsuite hostname="TTS-SCRIT-5" ignored="0" name="Homepage Test Cases for postive and negative flow" tests="9" failures="1" timestamp="09 Jun 2023 06:11:51 GMT" time="352.872" errors="0">
  <testcase name="login" time="84.48" classname="com.Screenit.version3.Test.HomePageTestForPostiveAndNegativeFlow">
    <failure type="java.lang.AssertionError" message="expected [https://test.screenit.io/#/dashboard_v3] but found [https://demo.screenit.io/#/dashboard_v3]">
      <![CDATA[java.lang.AssertionError: expected [https://test.screenit.io/#/dashboard_v3] but found [https://demo.screenit.io/#/dashboard_v3]at com.Screenit.version3.Pages.LoginPage.VerifyNavigateToTheDashBoard(LoginPage.java:64)at com.Screenit.version3.Test.HomePageTestForPostiveAndNegativeFlow.login(HomePageTestForPostiveAndNegativeFlow.java:52)... Removed 32 stack frames]]>
    </failure>
  </testcase> <!-- login -->
  <testcase name="HomepageFunctionality" time="9.189" classname="com.Screenit.version3.Test.HomePageTestForPostiveAndNegativeFlow"/>
  <testcase name="PostFunctionality" time="6.48" classname="com.Screenit.version3.Test.HomePageTestForPostiveAndNegativeFlow"/>
  <testcase name="PagenationFunctionality" time="18.963" classname="com.Screenit.version3.Test.HomePageTestForPostiveAndNegativeFlow"/>
  <testcase name="SearchFunctionalityUsingTitle" time="16.071" classname="com.Screenit.version3.Test.HomePageTestForPostiveAndNegativeFlow"/>
  <testcase name="SearchFunctionalityUsingKeySkill" time="13.864" classname="com.Screenit.version3.Test.HomePageTestForPostiveAndNegativeFlow"/>
  <testcase name="SearchFunctionalityUsingUniqueID" time="43.662" classname="com.Screenit.version3.Test.HomePageTestForPostiveAndNegativeFlow"/>
  <testcase name="ScrollPageFunctionality" time="5.077" classname="com.Screenit.version3.Test.HomePageTestForPostiveAndNegativeFlow"/>
  <testcase name="CheckPostCardCountsFunctionality" time="151.985" classname="com.Screenit.version3.Test.HomePageTestForPostiveAndNegativeFlow"/>
</testsuite> <!-- Homepage Test Cases for postive and negative flow -->
