<?xml version="1.0" encoding="UTF-8"?>
<!-- Generated by org.testng.reporters.JUnitXMLReporter -->
<testsuite hostname="TTS-SCRIT-5" ignored="0" name="search by status" tests="2" failures="0" timestamp="15 Jun 2023 11:58:36 GMT" time="232.288" errors="0">
  <testcase name="loginFunctionality" time="63.331" classname="com.Screenit.version3.Test.FilterAndScoreTestForIdFlow"/>
  <testcase name="checkFilterByStatusForUploadedResume" time="161.853" classname="com.Screenit.version3.Test.FilterAndScoreTestForIdFlow"/>
</testsuite> <!-- search by status -->
