<?xml version="1.0" encoding="UTF-8"?>
<!-- Generated by org.testng.reporters.JUnitXMLReporter -->
<testsuite hostname="TTS-SCRIT-5" ignored="0" name="Java developer post with check positive and negative scenerio" tests="5" failures="1" timestamp="21 Jun 2023 06:30:12 GMT" time="761.443" errors="0">
  <testcase name="loginFunctionality" time="90.597" classname="com.Screenit.version3.Test.UploadIDTestForPostiveAndNegativeFlow"/>
  <testcase name="UploadIdFile" time="16.564" classname="com.Screenit.version3.Test.UploadIDTestForPostiveAndNegativeFlow"/>
  <testcase name="CreateInterviewerDescriptionIDwithclickPostButtonAndFilledTheMandatoryField" time="151.077" classname="com.Screenit.version3.Test.UploadIDTestForPostiveAndNegativeFlow"/>
  <testcase name="CreateInterviewerDescriptionIDWithClickResetButtonWithoutFilledAllTheField" time="166.908" classname="com.Screenit.version3.Test.UploadIDTestForPostiveAndNegativeFlow"/>
  <testcase name="CreateInterviewerDescriptionIDWithClickResetButtonAndFilledAllTheField" time="332.426" classname="com.Screenit.version3.Test.UploadIDTestForPostiveAndNegativeFlow">
    <failure type="java.lang.NullPointerException">
      <![CDATA[java.lang.NullPointerExceptionat com.Screenit.version3.Pages.DashBoardPage.verifyPostCreatedOrNOT(DashBoardPage.java:888)at com.Screenit.version3.Test.UploadIDTestForPostiveAndNegativeFlow.CreateInterviewerDescriptionIDWithClickResetButtonAndFilledAllTheField(UploadIDTestForPostiveAndNegativeFlow.java:207)... Removed 26 stack frames]]>
    </failure>
  </testcase> <!-- CreateInterviewerDescriptionIDWithClickResetButtonAndFilledAllTheField -->
</testsuite> <!-- Java developer post with check positive and negative scenerio -->
