<?xml version="1.0" encoding="UTF-8"?>
<!-- Generated by org.testng.reporters.JUnitXMLReporter -->
<testsuite hostname="TTS-SCRIT-5" ignored="0" name="Selected or Reject Flow for IAAS " tests="6" failures="0" timestamp="12 Jun 2023 06:18:02 GMT" time="653.362" errors="0">
  <testcase name="loginFunctionality" time="98.607" classname="com.Screenit.version3.Test.SelectedOrRejectFlowForIAAS"/>
  <testcase name="UploadIdFile" time="16.824" classname="com.Screenit.version3.Test.SelectedOrRejectFlowForIAAS"/>
  <testcase name="CreateInterviewerDescriptionIDwithclickPostButtonAndFilledTheMandatoryField" time="166.297" classname="com.Screenit.version3.Test.SelectedOrRejectFlowForIAAS"/>
  <testcase name="UploadSingleResumeWithPostive" time="15.303" classname="com.Screenit.version3.Test.SelectedOrRejectFlowForIAAS"/>
  <testcase name="SelectSetavailability" time="37.084" classname="com.Screenit.version3.Test.SelectedOrRejectFlowForIAAS"/>
  <testcase name="JavaDeveloperPostStatus" time="311.52" classname="com.Screenit.version3.Test.SelectedOrRejectFlowForIAAS"/>
</testsuite> <!-- Selected or Reject Flow for IAAS  -->
