<?xml version="1.0" encoding="UTF-8"?>
<!-- Generated by org.testng.reporters.JUnitXMLReporter -->
<testsuite hostname="TTS-SCRIT-5" ignored="0" name="selected flow for jd 1 st round, decline with setavailabilty for 2 nd round and reschedule flow for 3 rd round" tests="4" failures="1" timestamp="26 Jun 2023 10:42:27 GMT" time="1192.921" errors="0">
  <testcase name="loginFunctionality" time="75.004" classname="com.Screenit.version3.Test.SelectedAndRejectedAndDeclineAndRescheduleFlowforJd"/>
  <testcase name="checkProfileMatchedCountAndSelectedFlowForJD" time="383.404" classname="com.Screenit.version3.Test.SelectedAndRejectedAndDeclineAndRescheduleFlowforJd"/>
  <testcase name="declinewithSetavailabilityFlow" time="479.756" classname="com.Screenit.version3.Test.SelectedAndRejectedAndDeclineAndRescheduleFlowforJd"/>
  <testcase name="cancelWithRescheduleFlow" time="251.2" classname="com.Screenit.version3.Test.SelectedAndRejectedAndDeclineAndRescheduleFlowforJd">
    <failure type="java.lang.AssertionError" message="expected [Reschedule Initiated ] but found [Reschedule Initiated]">
      <![CDATA[java.lang.AssertionError: expected [Reschedule Initiated ] but found [Reschedule Initiated]at com.Screenit.version3.Pages.CandidateProfilePage.verifyRescheduleInitiatedStatus(CandidateProfilePage.java:1291)at com.Screenit.version3.Test.SelectedAndRejectedAndDeclineAndRescheduleFlowforJd.cancelWithRescheduleFlow(SelectedAndRejectedAndDeclineAndRescheduleFlowforJd.java:304)... Removed 31 stack frames]]>
    </failure>
  </testcase> <!-- cancelWithRescheduleFlow -->
</testsuite> <!-- selected flow for jd 1 st round, decline with setavailabilty for 2 nd round and reschedule flow for 3 rd round -->
