<?xml version="1.0" encoding="UTF-8"?>
<!-- Generated by org.testng.reporters.JUnitXMLReporter -->
<testsuite ignored="0" hostname="TTS-SCRIT-5" failures="1" tests="3" name="UploadSingleResume without EmailID and mobile number(.Docx) and NegativeResume for .png " time="75.842" errors="0" timestamp="2023-08-01T15:29:39 IST">
  <testcase classname="com.Screenit.version3.Test.UploadIdResumeTestForPostiveAndNegativeflow" name="login" time="13.867"/>
  <testcase classname="com.Screenit.version3.Test.UploadIdResumeTestForPostiveAndNegativeflow" name="UploadSingleResumeWithPostive" time="13.68"/>
  <testcase classname="com.Screenit.version3.Test.UploadIdResumeTestForPostiveAndNegativeflow" name="UploadSingleResumeWithNegative" time="46.576">
    <failure type="java.lang.NullPointerException" message="Cannot invoke &amp;quot;org.openqa.selenium.WebElement.isDisplayed()&amp;quot; because &amp;quot;cancelbtn&amp;quot; is null">
      <![CDATA[java.lang.NullPointerException: Cannot invoke "org.openqa.selenium.WebElement.isDisplayed()" because "cancelbtn" is null
at com.Screenit.version3.Pages.CandidateProfilePage.verifyUploadResumeWithNegativeFlow(CandidateProfilePage.java:121)
at com.Screenit.version3.Test.UploadIdResumeTestForPostiveAndNegativeflow.UploadSingleResumeWithNegative(UploadIdResumeTestForPostiveAndNegativeflow.java:102)
at java.base/java.util.ArrayList.forEach(ArrayList.java:1511)
... Removed 27 stack frames]]>
    </failure>
  </testcase> <!-- UploadSingleResumeWithNegative -->
</testsuite> <!-- UploadSingleResume without EmailID and mobile number(.Docx) and NegativeResume for .png  -->
