<?xml version="1.0" encoding="UTF-8"?>
<!-- Generated by org.testng.reporters.JUnitXMLReporter -->
<testsuite hostname="TTS-SCRIT-5" ignored="0" name="Upload candidate resume with 2.5 mb and NegativeResume for textfile " tests="3" failures="0" timestamp="11 Jul 2023 05:09:33 GMT" time="47.48" errors="0">
  <testcase name="login" time="14.586" classname="com.Screenit.version3.Test.UploadIdResumeTestForPostiveAndNegativeflow"/>
  <testcase name="UploadSingleResumeWithPostive" time="13.648" classname="com.Screenit.version3.Test.UploadIdResumeTestForPostiveAndNegativeflow"/>
  <testcase name="UploadSingleResumeWithNegative" time="16.685" classname="com.Screenit.version3.Test.UploadIdResumeTestForPostiveAndNegativeflow"/>
</testsuite> <!-- Upload candidate resume with 2.5 mb and NegativeResume for textfile  -->
