<?xml version="1.0" encoding="UTF-8"?>
<!-- Generated by org.testng.reporters.JUnitXMLReporter -->
<testsuite hostname="TTS-SCRIT-5" ignored="0" name="Upload candidate resume with 2.5 mb and NegativeResume for textfile " tests="3" failures="0" timestamp="21 Jun 2023 06:40:22 GMT" time="119.78" errors="0">
  <testcase name="login" time="84.056" classname="com.Screenit.version3.Test.UploadIdResumeTestForPostiveAndNegativeflow"/>
  <testcase name="UploadSingleResumeWithPostive" time="14.555" classname="com.Screenit.version3.Test.UploadIdResumeTestForPostiveAndNegativeflow"/>
  <testcase name="UploadSingleResumeWithNegative" time="17.69" classname="com.Screenit.version3.Test.UploadIdResumeTestForPostiveAndNegativeflow"/>
</testsuite> <!-- Upload candidate resume with 2.5 mb and NegativeResume for textfile  -->
