<?xml version="1.0" encoding="UTF-8"?>
<!-- Generated by org.testng.reporters.JUnitXMLReporter -->
<testsuite hostname="TTS-SCRIT-5" ignored="0" name="UploadSingleResume with EmailID and mobile number(.Docx) and NegativeResume for above 3mb" tests="3" failures="0" timestamp="11 Jul 2023 05:06:25 GMT" time="48.202" errors="0">
  <testcase name="login" time="15.198" classname="com.Screenit.version3.Test.UploadIdResumeTestForPostiveAndNegativeflow"/>
  <testcase name="UploadSingleResumeWithPostive" time="13.702" classname="com.Screenit.version3.Test.UploadIdResumeTestForPostiveAndNegativeflow"/>
  <testcase name="UploadSingleResumeWithNegative" time="16.596" classname="com.Screenit.version3.Test.UploadIdResumeTestForPostiveAndNegativeflow"/>
</testsuite> <!-- UploadSingleResume with EmailID and mobile number(.Docx) and NegativeResume for above 3mb -->
