<?xml version="1.0" encoding="UTF-8"?>
<!-- Generated by org.testng.reporters.JUnitXMLReporter -->
<testsuite hostname="TTS-SCRIT-5" ignored="0" name="UploadSingleResume with EmailID and mobile number(.Docx) and NegativeResume for above 3mb" tests="3" failures="0" timestamp="21 Jun 2023 06:32:07 GMT" time="115.089" errors="0">
  <testcase name="login" time="46.155" classname="com.Screenit.version3.Test.UploadIdResumeTestForPostiveAndNegativeflow"/>
  <testcase name="UploadSingleResumeWithPostive" time="47.584" classname="com.Screenit.version3.Test.UploadIdResumeTestForPostiveAndNegativeflow"/>
  <testcase name="UploadSingleResumeWithNegative" time="17.755" classname="com.Screenit.version3.Test.UploadIdResumeTestForPostiveAndNegativeflow"/>
</testsuite> <!-- UploadSingleResume with EmailID and mobile number(.Docx) and NegativeResume for above 3mb -->
