<?xml version="1.0" encoding="UTF-8"?>
<!-- Generated by org.testng.reporters.JUnitXMLReporter -->
<testsuite hostname="TTS-SCRIT-5" ignored="0" name="UploadSingleResume without EmailID and mobile number(.Docx) and NegativeResume for .png " tests="3" failures="0" timestamp="11 Jul 2023 05:07:12 GMT" time="47.481" errors="0">
  <testcase name="login" time="14.85" classname="com.Screenit.version3.Test.UploadIdResumeTestForPostiveAndNegativeflow"/>
  <testcase name="UploadSingleResumeWithPostive" time="13.659" classname="com.Screenit.version3.Test.UploadIdResumeTestForPostiveAndNegativeflow"/>
  <testcase name="UploadSingleResumeWithNegative" time="16.598" classname="com.Screenit.version3.Test.UploadIdResumeTestForPostiveAndNegativeflow"/>
</testsuite> <!-- UploadSingleResume without EmailID and mobile number(.Docx) and NegativeResume for .png  -->
