<?xml version="1.0" encoding="UTF-8"?>
<!-- Generated by org.testng.reporters.JUnitXMLReporter -->
<testsuite hostname="TTS-SCRIT-5" ignored="0" name="UploadSingleResume with EmailID and mobile number(.pdf) and NegativeResume for zipfile" tests="3" failures="0" timestamp="11 Jul 2023 05:07:59 GMT" time="46.88" errors="0">
  <testcase name="login" time="14.089" classname="com.Screenit.version3.Test.UploadIdResumeTestForPostiveAndNegativeflow"/>
  <testcase name="UploadSingleResumeWithPostive" time="13.737" classname="com.Screenit.version3.Test.UploadIdResumeTestForPostiveAndNegativeflow"/>
  <testcase name="UploadSingleResumeWithNegative" time="16.583" classname="com.Screenit.version3.Test.UploadIdResumeTestForPostiveAndNegativeflow"/>
</testsuite> <!-- UploadSingleResume with EmailID and mobile number(.pdf) and NegativeResume for zipfile -->
