<?xml version="1.0" encoding="UTF-8"?>
<!-- Generated by org.testng.reporters.JUnitXMLReporter -->
<testsuite hostname="TTS-SCRIT-5" ignored="0" name="UploadSingleResume without EmailID and mobile number(.pdf) and NegativeResume for excel file" tests="3" failures="1" timestamp="09 Jun 2023 06:03:16 GMT" time="129.55" errors="0">
  <testcase name="login" time="93.784" classname="com.Screenit.version3.Test.UploadIdResumeTestForPostiveAndNegativeflow">
    <failure type="java.lang.AssertionError" message="expected [https://test.screenit.io/#/dashboard_v3] but found [https://demo.screenit.io/#/dashboard_v3]">
      <![CDATA[java.lang.AssertionError: expected [https://test.screenit.io/#/dashboard_v3] but found [https://demo.screenit.io/#/dashboard_v3]at com.Screenit.version3.Pages.LoginPage.VerifyNavigateToTheDashBoard(LoginPage.java:64)at com.Screenit.version3.Test.UploadIdResumeTestForPostiveAndNegativeflow.login(UploadIdResumeTestForPostiveAndNegativeflow.java:57)... Removed 32 stack frames]]>
    </failure>
  </testcase> <!-- login -->
  <testcase name="UploadSingleResumeWithPostive" time="15.859" classname="com.Screenit.version3.Test.UploadIdResumeTestForPostiveAndNegativeflow"/>
  <testcase name="UploadSingleResumeWithNegative" time="16.792" classname="com.Screenit.version3.Test.UploadIdResumeTestForPostiveAndNegativeflow"/>
</testsuite> <!-- UploadSingleResume without EmailID and mobile number(.pdf) and NegativeResume for excel file -->
