<?xml version="1.0" encoding="UTF-8"?>
<testng-results skipped="0" failed="2" ignored="0" total="44" passed="42">
  <reporter-output>
    <line>
      <![CDATA[The chrome browser is open now]]>
    </line>
    <line>
      <![CDATA[The browser is maximize]]>
    </line>
    <line>
      <![CDATA[Enter the Maild---------san111@screenit.io]]>
    </line>
    <line>
      <![CDATA[Enter the Password-----Welcome@1]]>
    </line>
    <line>
      <![CDATA[click the submit button]]>
    </line>
    <line>
      <![CDATA[<a href='C:\Users\TTS-USER\AppData\Local\TempLoginPagePostivescreenshotWithValidEmailidAndPassword---2023-06-21 11-35-10.png'> <img src='C:\Users\TTS-USER\AppData\Local\TempLoginPagePostivescreenshotWithValidEmailidAndPassword---2023-06-21 11-35-10.png' height='100' width='100'/> </a>]]>
    </line>
    <line>
      <![CDATA[Successfully login with valid creditals and Navigate to the dash board page--------https://demo.screenit.io/#/dashboard_v3]]>
    </line>
    <line>
      <![CDATA[The chrome browser is open now]]>
    </line>
    <line>
      <![CDATA[The browser is maximize]]>
    </line>
    <line>
      <![CDATA[Enter the Maild---------san111@screenit.io]]>
    </line>
    <line>
      <![CDATA[Enter the Password-----Viper@Sathish15_]]>
    </line>
    <line>
      <![CDATA[click the submit button]]>
    </line>
    <line>
      <![CDATA[<a href='C:\Users\TTS-USER\AppData\Local\TempLoginPageNegativescreenshotwithInvalidPassword---2023-06-21 11-36-44.png'> <img src='C:\Users\TTS-USER\AppData\Local\TempLoginPageNegativescreenshotwithInvalidPassword---2023-06-21 11-36-44.png' height='100' width='100'/> </a>]]>
    </line>
    <line>
      <![CDATA[Successfully enter the wrong creditals getting message from loginpage---Invalid Credentials]]>
    </line>
    <line>
      <![CDATA[The chrome browser is open now]]>
    </line>
    <line>
      <![CDATA[The browser is maximize]]>
    </line>
    <line>
      <![CDATA[Enter the Maild---------an1@screenit.io]]>
    </line>
    <line>
      <![CDATA[Enter the Password-----Welcome@1]]>
    </line>
    <line>
      <![CDATA[click the submit button]]>
    </line>
    <line>
      <![CDATA[<a href='C:\Users\TTS-USER\AppData\Local\TempLoginPageNegativescreenshotwithInValidEmail---2023-06-21 11-38-18.png'> <img src='C:\Users\TTS-USER\AppData\Local\TempLoginPageNegativescreenshotwithInValidEmail---2023-06-21 11-38-18.png' height='100' width='100'/> </a>]]>
    </line>
    <line>
      <![CDATA[Successfully enter the wrong creditals getting message from loginpage---Invalid Credentials]]>
    </line>
    <line>
      <![CDATA[The chrome browser is open now]]>
    </line>
    <line>
      <![CDATA[The browser is maximize]]>
    </line>
    <line>
      <![CDATA[Enter the Maild---------sa1@screenit.io]]>
    </line>
    <line>
      <![CDATA[Enter the Password-----Welcome@]]>
    </line>
    <line>
      <![CDATA[click the submit button]]>
    </line>
    <line>
      <![CDATA[<a href='C:\Users\TTS-USER\AppData\Local\TempLoginPageNegativescreenshotwithInavlidPasswordAndEmailid---2023-06-21 11-39-20.png'> <img src='C:\Users\TTS-USER\AppData\Local\TempLoginPageNegativescreenshotwithInavlidPasswordAndEmailid---2023-06-21 11-39-20.png' height='100' width='100'/> </a>]]>
    </line>
    <line>
      <![CDATA[Successfully enter the wrong creditals getting message from loginpage---Invalid Credentials]]>
    </line>
    <line>
      <![CDATA[The chrome browser is open now]]>
    </line>
    <line>
      <![CDATA[The browser is maximize]]>
    </line>
    <line>
      <![CDATA[<a href='C:\Users\TTS-USER\AppData\Local\TempforgotpasswordwithExistingUser---2023-06-21 11-40-19.png'> <img src='C:\Users\TTS-USER\AppData\Local\TempforgotpasswordwithExistingUser---2023-06-21 11-40-19.png' height='100' width='100'/> </a>]]>
    </line>
    <line>
      <![CDATA[forgetpassword succesfully-----Link to reset password is sent to your registered email!]]>
    </line>
    <line>
      <![CDATA[The chrome browser is open now]]>
    </line>
    <line>
      <![CDATA[The browser is maximize]]>
    </line>
    <line>
      <![CDATA[<a href='C:\Users\TTS-USER\AppData\Local\TempforgotpasswordwithNewMailId---2023-06-21 11-41-28.png'> <img src='C:\Users\TTS-USER\AppData\Local\TempforgotpasswordwithNewMailId---2023-06-21 11-41-28.png' height='100' width='100'/> </a>]]>
    </line>
    <line>
      <![CDATA[please check the existing mail id -------Invalid User]]>
    </line>
    <line>
      <![CDATA[The chrome browser is open now]]>
    </line>
    <line>
      <![CDATA[The browser is maximize]]>
    </line>
    <line>
      <![CDATA[<a href='C:\Users\TTS-USER\AppData\Local\TempforgotpasswordwithWrongMaildId---2023-06-21 11-42-34.png'> <img src='C:\Users\TTS-USER\AppData\Local\TempforgotpasswordwithWrongMaildId---2023-06-21 11-42-34.png' height='100' width='100'/> </a>]]>
    </line>
    <line>
      <![CDATA[Please check the mailid-------* Enter the valid email]]>
    </line>
    <line>
      <![CDATA[The chrome browser is open now]]>
    </line>
    <line>
      <![CDATA[The browser is maximize]]>
    </line>
    <line>
      <![CDATA[click the signup button]]>
    </line>
    <line>
      <![CDATA[Email field is displayed or not----true]]>
    </line>
    <line>
      <![CDATA[Email field is displayed or not----true]]>
    </line>
    <line>
      <![CDATA[<a href='C:\Users\TTS-USER\AppData\Local\TempSignuppagewithValidEmailAndMobileNumber---2023-06-21 11-43-43.png'> <img src='C:\Users\TTS-USER\AppData\Local\TempSignuppagewithValidEmailAndMobileNumber---2023-06-21 11-43-43.png' height='100' width='100'/> </a>]]>
    </line>
    <line>
      <![CDATA[The chrome browser is open now]]>
    </line>
    <line>
      <![CDATA[The browser is maximize]]>
    </line>
    <line>
      <![CDATA[click the signup button]]>
    </line>
    <line>
      <![CDATA[Email field is displayed or not----true]]>
    </line>
    <line>
      <![CDATA[Email field is displayed or not----true]]>
    </line>
    <line>
      <![CDATA[<a href='C:\Users\TTS-USER\AppData\Local\TempSignuppagewithValidEmailAndInvalidMobilenumber---2023-06-21 11-44-58.png'> <img src='C:\Users\TTS-USER\AppData\Local\TempSignuppagewithValidEmailAndInvalidMobilenumber---2023-06-21 11-44-58.png' height='100' width='100'/> </a>]]>
    </line>
    <line>
      <![CDATA[please check the mobile number-----* Enter valid mobile number]]>
    </line>
    <line>
      <![CDATA[The chrome browser is open now]]>
    </line>
    <line>
      <![CDATA[The browser is maximize]]>
    </line>
    <line>
      <![CDATA[click the signup button]]>
    </line>
    <line>
      <![CDATA[Email field is displayed or not----true]]>
    </line>
    <line>
      <![CDATA[Email field is displayed or not----true]]>
    </line>
    <line>
      <![CDATA[<a href='C:\Users\TTS-USER\AppData\Local\TempSignuppagewithInValidEmailAndMobilenumber---2023-06-21 11-46-10.png'> <img src='C:\Users\TTS-USER\AppData\Local\TempSignuppagewithInValidEmailAndMobilenumber---2023-06-21 11-46-10.png' height='100' width='100'/> </a>]]>
    </line>
    <line>
      <![CDATA[please check the email-----* Enter a valid email]]>
    </line>
    <line>
      <![CDATA[please check the mobile number-----* Enter valid mobile number]]>
    </line>
    <line>
      <![CDATA[The chrome browser is open now]]>
    </line>
    <line>
      <![CDATA[The browser is maximize]]>
    </line>
    <line>
      <![CDATA[click the signup button]]>
    </line>
    <line>
      <![CDATA[Email field is displayed or not----true]]>
    </line>
    <line>
      <![CDATA[Email field is displayed or not----true]]>
    </line>
    <line>
      <![CDATA[<a href='C:\Users\TTS-USER\AppData\Local\TempSignuppagewithAlreadyExistingUser---2023-06-21 11-47-23.png'> <img src='C:\Users\TTS-USER\AppData\Local\TempSignuppagewithAlreadyExistingUser---2023-06-21 11-47-23.png' height='100' width='100'/> </a>]]>
    </line>
    <line>
      <![CDATA[ please check the Already existing mail id and mobile number-----Email or Phone already exist]]>
    </line>
    <line>
      <![CDATA[The chrome browser is open now]]>
    </line>
    <line>
      <![CDATA[The browser is maximize]]>
    </line>
    <line>
      <![CDATA[Enter the Maild---------san111@screenit.io]]>
    </line>
    <line>
      <![CDATA[Enter the Password-----Welcome@1]]>
    </line>
    <line>
      <![CDATA[click the submit button]]>
    </line>
    <line>
      <![CDATA[<a href='C:\Users\TTS-USER\AppData\Local\TempLoginscreenshots---2023-06-21 11-49-01.png'> <img src='C:\Users\TTS-USER\AppData\Local\TempLoginscreenshots---2023-06-21 11-49-01.png' height='100' width='100'/> </a>]]>
    </line>
    <line>
      <![CDATA[succesfully login and navigate to the dashboard pagehttps://demo.screenit.io/#/dashboard_v3]]>
    </line>
    <line>
      <![CDATA[Title of the popup name--------Interviewer Description ID]]>
    </line>
    <line>
      <![CDATA[Title of the post popup name------Create Interviewer Description ID]]>
    </line>
    <line>
      <![CDATA[Autopopulate name is working fine]]>
    </line>
    <line>
      <![CDATA[Autopopulate date validity is working fine]]>
    </line>
    <line>
      <![CDATA[sucessfully highlighted the overall experience-----Select Year *1 year2 years3 years4 years5 years6 years7 years8 years9 years10 years11 years12 years13 years14 years15 years16 years17 years18 years19 years20 years21 years]]>
    </line>
    <line>
      <![CDATA[sucessfully highlighted the months-----Select Month *0 month1 month2 months3 months4 months5 months6 months7 months8 months9 months10 months11 months]]>
    </line>
    <line>
      <![CDATA[Selected primary skill are -----Core Java]]>
    </line>
    <line>
      <![CDATA[Selected primary skill are -----Core JavaJIRA]]>
    </line>
    <line>
      <![CDATA[selected secondary skills are :Agile methodologies]]>
    </line>
    <line>
      <![CDATA[Auto populated resume attachment is working fine-----Java Developer.docx]]>
    </line>
    <line>
      <![CDATA[<a href='C:\Users\TTS-USER\AppData\Local\TempPostCreatedWithMandatoryFieldScreenshot---2023-06-21 11-51-51.png'> <img src='C:\Users\TTS-USER\AppData\Local\TempPostCreatedWithMandatoryFieldScreenshot---2023-06-21 11-51-51.png' height='100' width='100'/> </a>]]>
    </line>
    <line>
      <![CDATA[Post should be created successfully]]>
    </line>
    <line>
      <![CDATA[Title of the popup name--------Interviewer Description ID]]>
    </line>
    <line>
      <![CDATA[Title of the post popup name------Create Interviewer Description ID]]>
    </line>
    <line>
      <![CDATA[Autopopulate name is working fine]]>
    </line>
    <line>
      <![CDATA[Autopopulate date validity is working fine]]>
    </line>
    <line>
      <![CDATA[sucessfully highlighted the overall experience-----Select Year *1 year2 years3 years4 years5 years6 years7 years8 years9 years10 years11 years12 years13 years14 years15 years16 years17 years18 years19 years20 years21 years]]>
    </line>
    <line>
      <![CDATA[sucessfully highlighted the months-----Select Month *0 month1 month2 months3 months4 months5 months6 months7 months8 months9 months10 months11 months]]>
    </line>
    <line>
      <![CDATA[Selected primary skill are -----Core Java]]>
    </line>
    <line>
      <![CDATA[Selected primary skill are -----Core JavaJIRA]]>
    </line>
    <line>
      <![CDATA[selected secondary skills are :Agile methodologies]]>
    </line>
    <line>
      <![CDATA[Auto populated resume attachment is working fine-----Java Developer.docx]]>
    </line>
    <line>
      <![CDATA[<a href='C:\Users\TTS-USER\AppData\Local\TempPostNotCreatedwithoutFilledMandatoryFieldScreenshot---2023-06-21 11-54-34.png'> <img src='C:\Users\TTS-USER\AppData\Local\TempPostNotCreatedwithoutFilledMandatoryFieldScreenshot---2023-06-21 11-54-34.png' height='100' width='100'/> </a>]]>
    </line>
    <line>
      <![CDATA[please check the job tittle is not working----* Enter the job title]]>
    </line>
    <line>
      <![CDATA[please check the post validity is not working ---* Select post validity]]>
    </line>
    <line>
      <![CDATA[please check the select the year is  not working----* Select the year]]>
    </line>
    <line>
      <![CDATA[please check the select the month is  not working----* Select the month]]>
    </line>
    <line>
      <![CDATA[please check the primary skill is not working-----* Select the primary skills]]>
    </line>
    <line>
      <![CDATA[please check the job description is not working----* Enter the job description]]>
    </line>
    <line>
      <![CDATA[Title of the popup name--------Interviewer Description ID]]>
    </line>
    <line>
      <![CDATA[Title of the post popup name------Create Interviewer Description ID]]>
    </line>
    <line>
      <![CDATA[Autopopulate name is working fine]]>
    </line>
    <line>
      <![CDATA[Autopopulate date validity is working fine]]>
    </line>
    <line>
      <![CDATA[sucessfully highlighted the overall experience-----Select Year *1 year2 years3 years4 years5 years6 years7 years8 years9 years10 years11 years12 years13 years14 years15 years16 years17 years18 years19 years20 years21 years]]>
    </line>
    <line>
      <![CDATA[sucessfully highlighted the months-----Select Month *0 month1 month2 months3 months4 months5 months6 months7 months8 months9 months10 months11 months]]>
    </line>
    <line>
      <![CDATA[Selected primary skill are -----Core Java]]>
    </line>
    <line>
      <![CDATA[Selected primary skill are -----Core JavaJIRA]]>
    </line>
    <line>
      <![CDATA[selected secondary skills are :Agile methodologies]]>
    </line>
    <line>
      <![CDATA[Auto populated resume attachment is working fine-----Java Developer.docx]]>
    </line>
    <line>
      <![CDATA[sucessfully highlighted the overall experience-----Select Year *1 year2 years3 years4 years5 years6 years7 years8 years9 years10 years11 years12 years13 years14 years15 years16 years17 years18 years19 years20 years21 years]]>
    </line>
    <line>
      <![CDATA[sucessfully highlighted the months-----Select Month *0 month1 month2 months3 months4 months5 months6 months7 months8 months9 months10 months11 months]]>
    </line>
    <line>
      <![CDATA[Selected primary skill are -----Core Java]]>
    </line>
    <line>
      <![CDATA[Selected primary skill are -----Core JavaJIRA]]>
    </line>
    <line>
      <![CDATA[selected secondary skills are :Agile methodologies]]>
    </line>
    <line>
      <![CDATA[selectattachement is not workingorg.openqa.selenium.ElementNotInteractableException: element not interactable  (Session info: chrome=108.0.5359.95)Build info: version: '3.141.59', revision: 'e82be7d358', time: '2018-11-14T08:17:03'System info: host: 'TTS-SCRIT-5', ip: '10.10.12.58', os.name: 'Windows 10', os.arch: 'amd64', os.version: '10.0', java.version: '1.8.0_321'Driver info: org.openqa.selenium.chrome.ChromeDriverCapabilities {acceptInsecureCerts: false, browserName: chrome, browserVersion: 108.0.5359.95, chrome: {chromedriverVersion: 108.0.5359.71 (1e0e3868ee06..., userDataDir: C:\Users\TTS-USER\AppData\L...}, goog:chromeOptions: {debuggerAddress: localhost:59518}, javascriptEnabled: true, networkConnectionEnabled: false, pageLoadStrategy: normal, platform: WINDOWS, platformName: WINDOWS, proxy: Proxy(), setWindowRect: true, strictFileInteractability: false, timeouts: {implicit: 0, pageLoad: 300000, script: 30000}, unhandledPromptBehavior: dismiss and notify, webauthn:extension:credBlob: true, webauthn:extension:largeBlob: true, webauthn:virtualAuthenticators: true}Session ID: a8ca86baf66074fde9230b48467517bb]]>
    </line>
    <line>
      <![CDATA[<a href='C:\Users\TTS-USER\AppData\Local\TempPostCreatedwithFilledAllTheFieldScreenshot---2023-06-21 11-59-40.png'> <img src='C:\Users\TTS-USER\AppData\Local\TempPostCreatedwithFilledAllTheFieldScreenshot---2023-06-21 11-59-40.png' height='100' width='100'/> </a>]]>
    </line>
    <line>
      <![CDATA[The chrome browser is open now]]>
    </line>
    <line>
      <![CDATA[The browser is maximize]]>
    </line>
    <line>
      <![CDATA[Enter the Maild---------san111@screenit.io]]>
    </line>
    <line>
      <![CDATA[Enter the Password-----Welcome@1]]>
    </line>
    <line>
      <![CDATA[click the submit button]]>
    </line>
    <line>
      <![CDATA[<a href='C:\Users\TTS-USER\AppData\Local\TemploginScreenshot---2023-06-21 12-00-58.png'> <img src='C:\Users\TTS-USER\AppData\Local\TemploginScreenshot---2023-06-21 12-00-58.png' height='100' width='100'/> </a>]]>
    </line>
    <line>
      <![CDATA[succesfully login and navigate to the dashboard pagehttps://demo.screenit.io/#/dashboard_v3]]>
    </line>
    <line>
      <![CDATA[<a href='C:\Users\TTS-USER\AppData\Local\TempResumeUploadedWithPostiveFileScreenshots---2023-06-21 12-01-14.png'> <img src='C:\Users\TTS-USER\AppData\Local\TempResumeUploadedWithPostiveFileScreenshots---2023-06-21 12-01-14.png' height='100' width='100'/> </a>]]>
    </line>
    <line>
      <![CDATA[Verify positive message is not working org.openqa.selenium.ElementNotInteractableException: element not interactable  (Session info: chrome=108.0.5359.95)Build info: version: '3.141.59', revision: 'e82be7d358', time: '2018-11-14T08:17:03'System info: host: 'TTS-SCRIT-5', ip: '10.10.12.58', os.name: 'Windows 10', os.arch: 'amd64', os.version: '10.0', java.version: '1.8.0_321'Driver info: org.openqa.selenium.chrome.ChromeDriverCapabilities {acceptInsecureCerts: false, browserName: chrome, browserVersion: 108.0.5359.95, chrome: {chromedriverVersion: 108.0.5359.71 (1e0e3868ee06..., userDataDir: C:\Users\TTS-USER\AppData\L...}, goog:chromeOptions: {debuggerAddress: localhost:59583}, javascriptEnabled: true, networkConnectionEnabled: false, pageLoadStrategy: normal, platform: WINDOWS, platformName: WINDOWS, proxy: Proxy(), setWindowRect: true, strictFileInteractability: false, timeouts: {implicit: 0, pageLoad: 300000, script: 30000}, unhandledPromptBehavior: dismiss and notify, webauthn:extension:credBlob: true, webauthn:extension:largeBlob: true, webauthn:virtualAuthenticators: true}Session ID: dab46a06a018ef4e307b60346f67e268]]>
    </line>
    <line>
      <![CDATA[<a href='C:\Users\TTS-USER\AppData\Local\TempResumeUploadedWithNegativeFileScreenshots---2023-06-21 12-02-02.png'> <img src='C:\Users\TTS-USER\AppData\Local\TempResumeUploadedWithNegativeFileScreenshots---2023-06-21 12-02-02.png' height='100' width='100'/> </a>]]>
    </line>
    <line>
      <![CDATA[upload file should be <3mb ]]>
    </line>
    <line>
      <![CDATA[The chrome browser is open now]]>
    </line>
    <line>
      <![CDATA[The browser is maximize]]>
    </line>
    <line>
      <![CDATA[Enter the Maild---------san111@screenit.io]]>
    </line>
    <line>
      <![CDATA[Enter the Password-----Welcome@1]]>
    </line>
    <line>
      <![CDATA[click the submit button]]>
    </line>
    <line>
      <![CDATA[<a href='C:\Users\TTS-USER\AppData\Local\TemploginScreenshot---2023-06-21 12-03-31.png'> <img src='C:\Users\TTS-USER\AppData\Local\TemploginScreenshot---2023-06-21 12-03-31.png' height='100' width='100'/> </a>]]>
    </line>
    <line>
      <![CDATA[succesfully login and navigate to the dashboard pagehttps://demo.screenit.io/#/dashboard_v3]]>
    </line>
    <line>
      <![CDATA[<a href='C:\Users\TTS-USER\AppData\Local\TempResumeUploadedWithPostiveFileScreenshots---2023-06-21 12-03-48.png'> <img src='C:\Users\TTS-USER\AppData\Local\TempResumeUploadedWithPostiveFileScreenshots---2023-06-21 12-03-48.png' height='100' width='100'/> </a>]]>
    </line>
    <line>
      <![CDATA[Candidate Resume Uploaded Successfully]]>
    </line>
    <line>
      <![CDATA[<a href='C:\Users\TTS-USER\AppData\Local\TempResumeUploadedWithNegativeFileScreenshots---2023-06-21 12-04-03.png'> <img src='C:\Users\TTS-USER\AppData\Local\TempResumeUploadedWithNegativeFileScreenshots---2023-06-21 12-04-03.png' height='100' width='100'/> </a>]]>
    </line>
    <line>
      <![CDATA[upload file should be pdf or docx]]>
    </line>
    <line>
      <![CDATA[The chrome browser is open now]]>
    </line>
    <line>
      <![CDATA[The browser is maximize]]>
    </line>
    <line>
      <![CDATA[Enter the Maild---------san111@screenit.io]]>
    </line>
    <line>
      <![CDATA[Enter the Password-----Welcome@1]]>
    </line>
    <line>
      <![CDATA[click the submit button]]>
    </line>
    <line>
      <![CDATA[<a href='C:\Users\TTS-USER\AppData\Local\TemploginScreenshot---2023-06-21 12-05-32.png'> <img src='C:\Users\TTS-USER\AppData\Local\TemploginScreenshot---2023-06-21 12-05-32.png' height='100' width='100'/> </a>]]>
    </line>
    <line>
      <![CDATA[succesfully login and navigate to the dashboard pagehttps://demo.screenit.io/#/dashboard_v3]]>
    </line>
    <line>
      <![CDATA[<a href='C:\Users\TTS-USER\AppData\Local\TempResumeUploadedWithPostiveFileScreenshots---2023-06-21 12-05-48.png'> <img src='C:\Users\TTS-USER\AppData\Local\TempResumeUploadedWithPostiveFileScreenshots---2023-06-21 12-05-48.png' height='100' width='100'/> </a>]]>
    </line>
    <line>
      <![CDATA[Candidate Resume Uploaded Successfully]]>
    </line>
    <line>
      <![CDATA[<a href='C:\Users\TTS-USER\AppData\Local\TempResumeUploadedWithNegativeFileScreenshots---2023-06-21 12-06-02.png'> <img src='C:\Users\TTS-USER\AppData\Local\TempResumeUploadedWithNegativeFileScreenshots---2023-06-21 12-06-02.png' height='100' width='100'/> </a>]]>
    </line>
    <line>
      <![CDATA[upload file should be pdf or docx]]>
    </line>
    <line>
      <![CDATA[The chrome browser is open now]]>
    </line>
    <line>
      <![CDATA[The browser is maximize]]>
    </line>
    <line>
      <![CDATA[Enter the Maild---------san111@screenit.io]]>
    </line>
    <line>
      <![CDATA[Enter the Password-----Welcome@1]]>
    </line>
    <line>
      <![CDATA[click the submit button]]>
    </line>
    <line>
      <![CDATA[<a href='C:\Users\TTS-USER\AppData\Local\TemploginScreenshot---2023-06-21 12-07-47.png'> <img src='C:\Users\TTS-USER\AppData\Local\TemploginScreenshot---2023-06-21 12-07-47.png' height='100' width='100'/> </a>]]>
    </line>
    <line>
      <![CDATA[succesfully login and navigate to the dashboard pagehttps://demo.screenit.io/#/dashboard_v3]]>
    </line>
    <line>
      <![CDATA[<a href='C:\Users\TTS-USER\AppData\Local\TempResumeUploadedWithPostiveFileScreenshots---2023-06-21 12-08-03.png'> <img src='C:\Users\TTS-USER\AppData\Local\TempResumeUploadedWithPostiveFileScreenshots---2023-06-21 12-08-03.png' height='100' width='100'/> </a>]]>
    </line>
    <line>
      <![CDATA[Candidate Resume Uploaded Successfully]]>
    </line>
    <line>
      <![CDATA[<a href='C:\Users\TTS-USER\AppData\Local\TempResumeUploadedWithNegativeFileScreenshots---2023-06-21 12-08-17.png'> <img src='C:\Users\TTS-USER\AppData\Local\TempResumeUploadedWithNegativeFileScreenshots---2023-06-21 12-08-17.png' height='100' width='100'/> </a>]]>
    </line>
    <line>
      <![CDATA[upload file should be pdf or docx]]>
    </line>
    <line>
      <![CDATA[The chrome browser is open now]]>
    </line>
    <line>
      <![CDATA[The browser is maximize]]>
    </line>
    <line>
      <![CDATA[Enter the Maild---------san111@screenit.io]]>
    </line>
    <line>
      <![CDATA[Enter the Password-----Welcome@1]]>
    </line>
    <line>
      <![CDATA[click the submit button]]>
    </line>
    <line>
      <![CDATA[<a href='C:\Users\TTS-USER\AppData\Local\TemploginScreenshot---2023-06-21 12-09-46.png'> <img src='C:\Users\TTS-USER\AppData\Local\TemploginScreenshot---2023-06-21 12-09-46.png' height='100' width='100'/> </a>]]>
    </line>
    <line>
      <![CDATA[succesfully login and navigate to the dashboard pagehttps://demo.screenit.io/#/dashboard_v3]]>
    </line>
    <line>
      <![CDATA[<a href='C:\Users\TTS-USER\AppData\Local\TempResumeUploadedWithPostiveFileScreenshots---2023-06-21 12-10-03.png'> <img src='C:\Users\TTS-USER\AppData\Local\TempResumeUploadedWithPostiveFileScreenshots---2023-06-21 12-10-03.png' height='100' width='100'/> </a>]]>
    </line>
    <line>
      <![CDATA[Candidate Resume Uploaded Successfully]]>
    </line>
    <line>
      <![CDATA[<a href='C:\Users\TTS-USER\AppData\Local\TempResumeUploadedWithNegativeFileScreenshots---2023-06-21 12-10-17.png'> <img src='C:\Users\TTS-USER\AppData\Local\TempResumeUploadedWithNegativeFileScreenshots---2023-06-21 12-10-17.png' height='100' width='100'/> </a>]]>
    </line>
    <line>
      <![CDATA[upload file should be pdf or docx]]>
    </line>
    <line>
      <![CDATA[The chrome browser is open now]]>
    </line>
    <line>
      <![CDATA[The browser is maximize]]>
    </line>
    <line>
      <![CDATA[Enter the Maild---------san111@screenit.io]]>
    </line>
    <line>
      <![CDATA[Enter the Password-----Welcome@1]]>
    </line>
    <line>
      <![CDATA[click the submit button]]>
    </line>
    <line>
      <![CDATA[<a href='C:\Users\TTS-USER\AppData\Local\Temploginpagewithpostivedata---2023-06-21 12-11-49.png'> <img src='C:\Users\TTS-USER\AppData\Local\Temploginpagewithpostivedata---2023-06-21 12-11-49.png' height='100' width='100'/> </a>]]>
    </line>
    <line>
      <![CDATA[succesfully login and navigate to the dashboard pagehttps://demo.screenit.io/#/dashboard_v3]]>
    </line>
    <line>
      <![CDATA[Home icon is displayed or not-------true]]>
    </line>
    <line>
      <![CDATA[Home button is displayed or not-------true]]>
    </line>
    <line>
      <![CDATA[please check when clicking the Report button it shows ------Interview Report]]>
    </line>
    <line>
      <![CDATA[please check when clicking the Report button it shows ------Schedulelist Report]]>
    </line>
    <line>
      <![CDATA[upload button is displayed or not--------true]]>
    </line>
    <line>
      <![CDATA[upload button is displayed or not--------true]]>
    </line>
    <line>
      <![CDATA[bell notification is displayed or not--------true]]>
    </line>
    <line>
      <![CDATA[profileicon is displayed or not--------true]]>
    </line>
    <line>
      <![CDATA[profile lists are :----------Manage Profile]]>
    </line>
    <line>
      <![CDATA[profile lists are :----------Account Setting]]>
    </line>
    <line>
      <![CDATA[profile lists are :----------Signout]]>
    </line>
    <line>
      <![CDATA[<a href='C:\Users\TTS-USER\AppData\Local\TempHomepagefunctionsdisplayed---2023-06-21 12-12-00.png'> <img src='C:\Users\TTS-USER\AppData\Local\TempHomepagefunctionsdisplayed---2023-06-21 12-12-00.png' height='100' width='100'/> </a>]]>
    </line>
    <line>
      <![CDATA[post title is displayed or not-------true]]>
    </line>
    <line>
      <![CDATA[check the PostTitle is ---------Recent JDs and IDs]]>
    </line>
    <line>
      <![CDATA[total count of the post in the homepage-------10]]>
    </line>
    <line>
      <![CDATA[<a href='C:\Users\TTS-USER\AppData\Local\TempTotalcountPostProfiles---2023-06-21 12-12-06.png'> <img src='C:\Users\TTS-USER\AppData\Local\TempTotalcountPostProfiles---2023-06-21 12-12-06.png' height='100' width='100'/> </a>]]>
    </line>
    <line>
      <![CDATA[pagenation is displayed or not --------true]]>
    </line>
    <line>
      <![CDATA[pagenation count of the page--10]]>
    </line>
    <line>
      <![CDATA[pagenation count of the page--10]]>
    </line>
    <line>
      <![CDATA[pagenation count of the page--10]]>
    </line>
    <line>
      <![CDATA[pagenation count of the page--10]]>
    </line>
    <line>
      <![CDATA[pagenation count of the page--10]]>
    </line>
    <line>
      <![CDATA[pagenation count of the page--10]]>
    </line>
    <line>
      <![CDATA[pagenation count of the page--10]]>
    </line>
    <line>
      <![CDATA[pagenation count of the page--10]]>
    </line>
    <line>
      <![CDATA[pagenation count of the page--10]]>
    </line>
    <line>
      <![CDATA[pagenation count of the page--10]]>
    </line>
    <line>
      <![CDATA[<a href='C:\Users\TTS-USER\AppData\Local\TempPagenationLists---2023-06-21 12-12-36.png'> <img src='C:\Users\TTS-USER\AppData\Local\TempPagenationLists---2023-06-21 12-12-36.png' height='100' width='100'/> </a>]]>
    </line>
    <line>
      <![CDATA[search field is displayed or not----------true]]>
    </line>
    <line>
      <![CDATA[Search field are working as excepted]]>
    </line>
    <line>
      <![CDATA[Search field are working as excepted]]>
    </line>
    <line>
      <![CDATA[Search field are working as excepted]]>
    </line>
    <line>
      <![CDATA[Search field are working as excepted]]>
    </line>
    <line>
      <![CDATA[Search field are working as excepted]]>
    </line>
    <line>
      <![CDATA[Search field are working as excepted]]>
    </line>
    <line>
      <![CDATA[Search field are working as excepted]]>
    </line>
    <line>
      <![CDATA[Search field are working as excepted]]>
    </line>
    <line>
      <![CDATA[Search field are working as excepted]]>
    </line>
    <line>
      <![CDATA[Search field are working as excepted]]>
    </line>
    <line>
      <![CDATA[<a href='C:\Users\TTS-USER\AppData\Local\TempSearchFieldForTitleLists---2023-06-21 12-12-53.png'> <img src='C:\Users\TTS-USER\AppData\Local\TempSearchFieldForTitleLists---2023-06-21 12-12-53.png' height='100' width='100'/> </a>]]>
    </line>
    <line>
      <![CDATA[search field is displayed or not----------true]]>
    </line>
    <line>
      <![CDATA[Search field are working as excepted]]>
    </line>
    <line>
      <![CDATA[Search field are working as excepted]]>
    </line>
    <line>
      <![CDATA[Search field are working as excepted]]>
    </line>
    <line>
      <![CDATA[Search field are working as excepted]]>
    </line>
    <line>
      <![CDATA[Search field are working as excepted]]>
    </line>
    <line>
      <![CDATA[Search field are working as excepted]]>
    </line>
    <line>
      <![CDATA[Search field are working as excepted]]>
    </line>
    <line>
      <![CDATA[Search field are working as excepted]]>
    </line>
    <line>
      <![CDATA[Search field are working as excepted]]>
    </line>
    <line>
      <![CDATA[<a href='C:\Users\TTS-USER\AppData\Local\TempSearchFieldForKeySkillLists---2023-06-21 12-13-07.png'> <img src='C:\Users\TTS-USER\AppData\Local\TempSearchFieldForKeySkillLists---2023-06-21 12-13-07.png' height='100' width='100'/> </a>]]>
    </line>
    <line>
      <![CDATA[search field is displayed or not----------true]]>
    </line>
    <line>
      <![CDATA[<a href='C:\Users\TTS-USER\AppData\Local\TempSearchFieldForIDLists---2023-06-21 12-13-51.png'> <img src='C:\Users\TTS-USER\AppData\Local\TempSearchFieldForIDLists---2023-06-21 12-13-51.png' height='100' width='100'/> </a>]]>
    </line>
    <line>
      <![CDATA[profile counts are :2]]>
    </line>
    <line>
      <![CDATA[profile counts matched to the upload resume counts]]>
    </line>
    <line>
      <![CDATA[profile counts matched to the upload resume counts]]>
    </line>
    <line>
      <![CDATA[<a href='C:\Users\TTS-USER\AppData\Local\TempUploadResumeProfilecount---2023-06-21 12-14-09.png'> <img src='C:\Users\TTS-USER\AppData\Local\TempUploadResumeProfilecount---2023-06-21 12-14-09.png' height='100' width='100'/> </a>]]>
    </line>
    <line>
      <![CDATA[sechedule counts are :0]]>
    </line>
    <line>
      <![CDATA[<a href='C:\Users\TTS-USER\AppData\Local\TempUploadResumeschedulecount---2023-06-21 12-14-54.png'> <img src='C:\Users\TTS-USER\AppData\Local\TempUploadResumeschedulecount---2023-06-21 12-14-54.png' height='100' width='100'/> </a>]]>
    </line>
    <line>
      <![CDATA[sit counts are :0]]>
    </line>
    <line>
      <![CDATA[<a href='C:\Users\TTS-USER\AppData\Local\TempUploadResumeSitcount---2023-06-21 12-15-40.png'> <img src='C:\Users\TTS-USER\AppData\Local\TempUploadResumeSitcount---2023-06-21 12-15-40.png' height='100' width='100'/> </a>]]>
    </line>
    <line>
      <![CDATA[select counts are :0]]>
    </line>
    <line>
      <![CDATA[<a href='C:\Users\TTS-USER\AppData\Local\TempUploadResumeselectedcount---2023-06-21 12-16-25.png'> <img src='C:\Users\TTS-USER\AppData\Local\TempUploadResumeselectedcount---2023-06-21 12-16-25.png' height='100' width='100'/> </a>]]>
    </line>
    <line>
      <![CDATA[The chrome browser is open now]]>
    </line>
    <line>
      <![CDATA[The browser is maximize]]>
    </line>
    <line>
      <![CDATA[Enter the Maild---------san111@screenit.io]]>
    </line>
    <line>
      <![CDATA[Enter the Password-----Welcome@1]]>
    </line>
    <line>
      <![CDATA[click the submit button]]>
    </line>
    <line>
      <![CDATA[<a href='C:\Users\TTS-USER\AppData\Local\TemploginwithValiddata---2023-06-21 12-17-19.png'> <img src='C:\Users\TTS-USER\AppData\Local\TemploginwithValiddata---2023-06-21 12-17-19.png' height='100' width='100'/> </a>]]>
    </line>
    <line>
      <![CDATA[succesfully login and navigate to the dashboard pagehttps://demo.screenit.io/#/dashboard_v3]]>
    </line>
    <line>
      <![CDATA[<a href='C:\Users\TTS-USER\AppData\Local\TempUploadResumewithvalidfile---2023-06-21 12-17-36.png'> <img src='C:\Users\TTS-USER\AppData\Local\TempUploadResumewithvalidfile---2023-06-21 12-17-36.png' height='100' width='100'/> </a>]]>
    </line>
    <line>
      <![CDATA[Candidate resume already uploaded ]]>
    </line>
    <line>
      <![CDATA[<a href='C:\Users\TTS-USER\AppData\Local\TempEditCandidatewithvalidData---2023-06-21 12-17-45.png'> <img src='C:\Users\TTS-USER\AppData\Local\TempEditCandidatewithvalidData---2023-06-21 12-17-45.png' height='100' width='100'/> </a>]]>
    </line>
    <line>
      <![CDATA[<a href='C:\Users\TTS-USER\AppData\Local\TempEdit candidatewithoutfilled data---2023-06-21 12-17-56.png'> <img src='C:\Users\TTS-USER\AppData\Local\TempEdit candidatewithoutfilled data---2023-06-21 12-17-56.png' height='100' width='100'/> </a>]]>
    </line>
    <line>
      <![CDATA[error message----* Enter the Name]]>
    </line>
    <line>
      <![CDATA[error message----* Enter the Email]]>
    </line>
    <line>
      <![CDATA[error message----* Enter the Mobile Number]]>
    </line>
  </reporter-output>
  <suite name="Screenit Suite file" duration-ms="0" started-at="2023-06-21T06:47:58Z" finished-at="2023-06-21T06:47:58Z">
    <groups>
    </groups>
  </suite> <!-- Screenit Suite file -->
  <suite name="Screenit App for Candidate edit Details" duration-ms="88233" started-at="2023-06-21T06:46:29Z" finished-at="2023-06-21T06:47:57Z">
    <groups>
    </groups>
    <test name="Edit candidate details" duration-ms="88233" started-at="2023-06-21T06:46:29Z" finished-at="2023-06-21T06:47:57Z">
      <class name="com.Screenit.version3.Test.CandidateEditPageTestForUploadIDPostiveAndNegativeFlow">
        <test-method status="PASS" signature="setUp()[pri:0, instance:com.Screenit.version3.Test.CandidateEditPageTestForUploadIDPostiveAndNegativeFlow@1e6d1014]" name="setUp" is-config="true" duration-ms="2246" started-at="2023-06-21T12:16:29Z" finished-at="2023-06-21T12:16:31Z">
          <reporter-output>
            <line>
              <![CDATA[The chrome browser is open now]]>
            </line>
            <line>
              <![CDATA[The browser is maximize]]>
            </line>
          </reporter-output>
        </test-method> <!-- setUp -->
        <test-method status="PASS" signature="login(java.lang.String, java.lang.String, java.lang.String)[pri:1, instance:com.Screenit.version3.Test.CandidateEditPageTestForUploadIDPostiveAndNegativeFlow@1e6d1014]" name="login" duration-ms="50232" started-at="2023-06-21T12:16:31Z" finished-at="2023-06-21T12:17:21Z">
          <params>
            <param index="0">
              <value>
                <![CDATA[san111@screenit.io]]>
              </value>
            </param>
            <param index="1">
              <value>
                <![CDATA[Welcome@1]]>
              </value>
            </param>
            <param index="2">
              <value>
                <![CDATA[loginwithValiddata]]>
              </value>
            </param>
          </params>
          <reporter-output>
            <line>
              <![CDATA[Enter the Maild---------san111@screenit.io]]>
            </line>
            <line>
              <![CDATA[Enter the Password-----Welcome@1]]>
            </line>
            <line>
              <![CDATA[click the submit button]]>
            </line>
            <line>
              <![CDATA[<a href='C:\Users\TTS-USER\AppData\Local\TemploginwithValiddata---2023-06-21 12-17-19.png'> <img src='C:\Users\TTS-USER\AppData\Local\TemploginwithValiddata---2023-06-21 12-17-19.png' height='100' width='100'/> </a>]]>
            </line>
            <line>
              <![CDATA[succesfully login and navigate to the dashboard pagehttps://demo.screenit.io/#/dashboard_v3]]>
            </line>
          </reporter-output>
        </test-method> <!-- login -->
        <test-method status="PASS" signature="UploadSingleResume(java.lang.String, java.lang.String, java.lang.String)[pri:2, instance:com.Screenit.version3.Test.CandidateEditPageTestForUploadIDPostiveAndNegativeFlow@1e6d1014]" name="UploadSingleResume" duration-ms="17832" started-at="2023-06-21T12:17:21Z" finished-at="2023-06-21T12:17:39Z">
          <params>
            <param index="0">
              <value>
                <![CDATA[id]]>
              </value>
            </param>
            <param index="1">
              <value>
                <![CDATA[C:\\Users\\TTS-USER\\workspace\\com.TrueTech.ScreenIT.NewFlow\\sample\\samplejd\\Java Developer.docx]]>
              </value>
            </param>
            <param index="2">
              <value>
                <![CDATA[UploadResumewithvalidfile]]>
              </value>
            </param>
          </params>
          <reporter-output>
            <line>
              <![CDATA[<a href='C:\Users\TTS-USER\AppData\Local\TempUploadResumewithvalidfile---2023-06-21 12-17-36.png'> <img src='C:\Users\TTS-USER\AppData\Local\TempUploadResumewithvalidfile---2023-06-21 12-17-36.png' height='100' width='100'/> </a>]]>
            </line>
            <line>
              <![CDATA[Candidate resume already uploaded ]]>
            </line>
          </reporter-output>
        </test-method> <!-- UploadSingleResume -->
        <test-method status="FAIL" signature="CandidateEditProfileWithMandatoryField(java.lang.String, java.lang.String, java.lang.String, java.lang.String, java.lang.String)[pri:3, instance:com.Screenit.version3.Test.CandidateEditPageTestForUploadIDPostiveAndNegativeFlow@1e6d1014]" name="CandidateEditProfileWithMandatoryField" duration-ms="11947" started-at="2023-06-21T12:17:39Z" finished-at="2023-06-21T12:17:51Z">
          <params>
            <param index="0">
              <value>
                <![CDATA[sathish]]>
              </value>
            </param>
            <param index="1">
              <value>
                <![CDATA[Kumar]]>
              </value>
            </param>
            <param index="2">
              <value>
                <![CDATA[sathish.s@screenit.io]]>
              </value>
            </param>
            <param index="3">
              <value>
                <![CDATA[06379015136]]>
              </value>
            </param>
            <param index="4">
              <value>
                <![CDATA[EditCandidatewithvalidData]]>
              </value>
            </param>
          </params>
          <exception class="java.lang.ArrayIndexOutOfBoundsException">
            <message>
              <![CDATA[1]]>
            </message>
            <full-stacktrace>
              <![CDATA[java.lang.ArrayIndexOutOfBoundsException: 1at com.Screenit.version3.Test.CandidateEditPageTestForUploadIDPostiveAndNegativeFlow.CandidateEditProfileWithMandatoryField(CandidateEditPageTestForUploadIDPostiveAndNegativeFlow.java:112)at sun.reflect.NativeMethodAccessorImpl.invoke0(Native Method)at sun.reflect.NativeMethodAccessorImpl.invoke(Unknown Source)at sun.reflect.DelegatingMethodAccessorImpl.invoke(Unknown Source)at java.lang.reflect.Method.invoke(Unknown Source)at org.testng.internal.MethodInvocationHelper.invokeMethod(MethodInvocationHelper.java:124)at org.testng.internal.Invoker.invokeMethod(Invoker.java:571)at org.testng.internal.Invoker.invokeTestMethod(Invoker.java:707)at org.testng.internal.Invoker.invokeTestMethods(Invoker.java:979)at org.testng.internal.TestMethodWorker.invokeTestMethods(TestMethodWorker.java:125)at org.testng.internal.TestMethodWorker.run(TestMethodWorker.java:109)at org.testng.TestRunner.privateRun(TestRunner.java:648)at org.testng.TestRunner.run(TestRunner.java:505)at org.testng.SuiteRunner.runTest(SuiteRunner.java:455)at org.testng.SuiteRunner.runSequentially(SuiteRunner.java:450)at org.testng.SuiteRunner.privateRun(SuiteRunner.java:415)at org.testng.SuiteRunner.run(SuiteRunner.java:364)at org.testng.SuiteRunnerWorker.runSuite(SuiteRunnerWorker.java:52)at org.testng.SuiteRunnerWorker.run(SuiteRunnerWorker.java:84)at org.testng.TestNG.runSuitesSequentially(TestNG.java:1187)at org.testng.TestNG.runSuitesSequentially(TestNG.java:1183)at org.testng.TestNG.runSuitesLocally(TestNG.java:1116)at org.testng.TestNG.runSuites(TestNG.java:1028)at org.testng.TestNG.run(TestNG.java:996)at org.testng.remote.AbstractRemoteTestNG.run(AbstractRemoteTestNG.java:114)at org.testng.remote.RemoteTestNG.initAndRun(RemoteTestNG.java:251)at org.testng.remote.RemoteTestNG.main(RemoteTestNG.java:77)]]>
            </full-stacktrace>
          </exception> <!-- java.lang.ArrayIndexOutOfBoundsException -->
          <reporter-output>
            <line>
              <![CDATA[<a href='C:\Users\TTS-USER\AppData\Local\TempEditCandidatewithvalidData---2023-06-21 12-17-45.png'> <img src='C:\Users\TTS-USER\AppData\Local\TempEditCandidatewithvalidData---2023-06-21 12-17-45.png' height='100' width='100'/> </a>]]>
            </line>
          </reporter-output>
        </test-method> <!-- CandidateEditProfileWithMandatoryField -->
        <test-method status="PASS" signature="CandidateEditProfileWithOutFillAllTheField(java.lang.String, java.lang.String, java.lang.String, java.lang.String, java.lang.String)[pri:3, instance:com.Screenit.version3.Test.CandidateEditPageTestForUploadIDPostiveAndNegativeFlow@1e6d1014]" name="CandidateEditProfileWithOutFillAllTheField" duration-ms="4913" started-at="2023-06-21T12:17:51Z" finished-at="2023-06-21T12:17:56Z">
          <params>
            <param index="0">
              <value>
                <![CDATA[ ]]>
              </value>
            </param>
            <param index="1">
              <value>
                <![CDATA[ ]]>
              </value>
            </param>
            <param index="2">
              <value>
                <![CDATA[ ]]>
              </value>
            </param>
            <param index="3">
              <value>
                <![CDATA[ ]]>
              </value>
            </param>
            <param index="4">
              <value>
                <![CDATA[Edit candidatewithoutfilled data]]>
              </value>
            </param>
          </params>
          <reporter-output>
            <line>
              <![CDATA[<a href='C:\Users\TTS-USER\AppData\Local\TempEdit candidatewithoutfilled data---2023-06-21 12-17-56.png'> <img src='C:\Users\TTS-USER\AppData\Local\TempEdit candidatewithoutfilled data---2023-06-21 12-17-56.png' height='100' width='100'/> </a>]]>
            </line>
            <line>
              <![CDATA[error message----* Enter the Name]]>
            </line>
            <line>
              <![CDATA[error message----* Enter the Email]]>
            </line>
            <line>
              <![CDATA[error message----* Enter the Mobile Number]]>
            </line>
          </reporter-output>
        </test-method> <!-- CandidateEditProfileWithOutFillAllTheField -->
        <test-method status="PASS" signature="tearDown()[pri:0, instance:com.Screenit.version3.Test.CandidateEditPageTestForUploadIDPostiveAndNegativeFlow@1e6d1014]" name="tearDown" is-config="true" duration-ms="1056" started-at="2023-06-21T12:17:56Z" finished-at="2023-06-21T12:17:57Z">
          <reporter-output>
          </reporter-output>
        </test-method> <!-- tearDown -->
      </class> <!-- com.Screenit.version3.Test.CandidateEditPageTestForUploadIDPostiveAndNegativeFlow -->
    </test> <!-- Edit candidate details -->
  </suite> <!-- Screenit App for Candidate edit Details -->
  <suite name="Screenit app for LoginPage" duration-ms="312973" started-at="2023-06-21T06:04:13Z" finished-at="2023-06-21T06:09:26Z">
    <groups>
    </groups>
    <test name="Screenit Valid email and valid password" duration-ms="62773" started-at="2023-06-21T06:04:13Z" finished-at="2023-06-21T06:05:16Z">
      <class name="com.Screenit.version3.Test.LoginTestForPostiveAndNegativeFlow">
        <test-method status="PASS" signature="setUp()[pri:0, instance:com.Screenit.version3.Test.LoginTestForPostiveAndNegativeFlow@271053e1]" name="setUp" is-config="true" duration-ms="7372" started-at="2023-06-21T11:34:13Z" finished-at="2023-06-21T11:34:21Z">
          <reporter-output>
            <line>
              <![CDATA[The chrome browser is open now]]>
            </line>
            <line>
              <![CDATA[The browser is maximize]]>
            </line>
          </reporter-output>
        </test-method> <!-- setUp -->
        <test-method status="PASS" signature="loginFunctionality(java.lang.String, java.lang.String, java.lang.String)[pri:1, instance:com.Screenit.version3.Test.LoginTestForPostiveAndNegativeFlow@271053e1]" name="loginFunctionality" duration-ms="54241" started-at="2023-06-21T11:34:21Z" finished-at="2023-06-21T11:35:15Z">
          <params>
            <param index="0">
              <value>
                <![CDATA[san111@screenit.io]]>
              </value>
            </param>
            <param index="1">
              <value>
                <![CDATA[Welcome@1]]>
              </value>
            </param>
            <param index="2">
              <value>
                <![CDATA[LoginPagePostivescreenshotWithValidEmailidAndPassword]]>
              </value>
            </param>
          </params>
          <reporter-output>
            <line>
              <![CDATA[Enter the Maild---------san111@screenit.io]]>
            </line>
            <line>
              <![CDATA[Enter the Password-----Welcome@1]]>
            </line>
            <line>
              <![CDATA[click the submit button]]>
            </line>
            <line>
              <![CDATA[<a href='C:\Users\TTS-USER\AppData\Local\TempLoginPagePostivescreenshotWithValidEmailidAndPassword---2023-06-21 11-35-10.png'> <img src='C:\Users\TTS-USER\AppData\Local\TempLoginPagePostivescreenshotWithValidEmailidAndPassword---2023-06-21 11-35-10.png' height='100' width='100'/> </a>]]>
            </line>
            <line>
              <![CDATA[Successfully login with valid creditals and Navigate to the dash board page--------https://demo.screenit.io/#/dashboard_v3]]>
            </line>
          </reporter-output>
        </test-method> <!-- loginFunctionality -->
        <test-method status="PASS" signature="screenShotForFailedTestCase(org.testng.ITestResult)[pri:0, instance:com.Screenit.version3.Test.LoginTestForPostiveAndNegativeFlow@271053e1]" name="screenShotForFailedTestCase" is-config="true" duration-ms="1105" started-at="2023-06-21T11:35:15Z" finished-at="2023-06-21T11:35:16Z">
          <params>
            <param index="0">
              <value>
                <![CDATA[[TestResult name=loginFunctionality status=SUCCESS method=LoginTestForPostiveAndNegativeFlow.loginFunctionality(java.lang.String, java.lang.String, java.lang.String)[pri:1, instance:com.Screenit.version3.Test.LoginTestForPostiveAndNegativeFlow@271053e1] output=Enter the Maild---------san111@screenit.io]]]>
              </value>
            </param>
          </params>
          <reporter-output>
          </reporter-output>
        </test-method> <!-- screenShotForFailedTestCase -->
      </class> <!-- com.Screenit.version3.Test.LoginTestForPostiveAndNegativeFlow -->
    </test> <!-- Screenit Valid email and valid password -->
    <test name="Screenit Valid email and Invalid password" duration-ms="94059" started-at="2023-06-21T06:05:16Z" finished-at="2023-06-21T06:06:50Z">
      <class name="com.Screenit.version3.Test.LoginTestForPostiveAndNegativeFlow">
        <test-method status="PASS" signature="setUp()[pri:0, instance:com.Screenit.version3.Test.LoginTestForPostiveAndNegativeFlow@5649fd9b]" name="setUp" is-config="true" duration-ms="2589" started-at="2023-06-21T11:35:16Z" finished-at="2023-06-21T11:35:19Z">
          <reporter-output>
            <line>
              <![CDATA[The chrome browser is open now]]>
            </line>
            <line>
              <![CDATA[The browser is maximize]]>
            </line>
          </reporter-output>
        </test-method> <!-- setUp -->
        <test-method status="PASS" signature="loginFunctionality(java.lang.String, java.lang.String, java.lang.String)[pri:1, instance:com.Screenit.version3.Test.LoginTestForPostiveAndNegativeFlow@5649fd9b]" name="loginFunctionality" duration-ms="90445" started-at="2023-06-21T11:35:19Z" finished-at="2023-06-21T11:36:49Z">
          <params>
            <param index="0">
              <value>
                <![CDATA[san111@screenit.io]]>
              </value>
            </param>
            <param index="1">
              <value>
                <![CDATA[Viper@Sathish15_]]>
              </value>
            </param>
            <param index="2">
              <value>
                <![CDATA[LoginPageNegativescreenshotwithInvalidPassword]]>
              </value>
            </param>
          </params>
          <reporter-output>
            <line>
              <![CDATA[Enter the Maild---------san111@screenit.io]]>
            </line>
            <line>
              <![CDATA[Enter the Password-----Viper@Sathish15_]]>
            </line>
            <line>
              <![CDATA[click the submit button]]>
            </line>
            <line>
              <![CDATA[<a href='C:\Users\TTS-USER\AppData\Local\TempLoginPageNegativescreenshotwithInvalidPassword---2023-06-21 11-36-44.png'> <img src='C:\Users\TTS-USER\AppData\Local\TempLoginPageNegativescreenshotwithInvalidPassword---2023-06-21 11-36-44.png' height='100' width='100'/> </a>]]>
            </line>
            <line>
              <![CDATA[Successfully enter the wrong creditals getting message from loginpage---Invalid Credentials]]>
            </line>
          </reporter-output>
        </test-method> <!-- loginFunctionality -->
        <test-method status="PASS" signature="screenShotForFailedTestCase(org.testng.ITestResult)[pri:0, instance:com.Screenit.version3.Test.LoginTestForPostiveAndNegativeFlow@5649fd9b]" name="screenShotForFailedTestCase" is-config="true" duration-ms="1016" started-at="2023-06-21T11:36:49Z" finished-at="2023-06-21T11:36:50Z">
          <params>
            <param index="0">
              <value>
                <![CDATA[[TestResult name=loginFunctionality status=SUCCESS method=LoginTestForPostiveAndNegativeFlow.loginFunctionality(java.lang.String, java.lang.String, java.lang.String)[pri:1, instance:com.Screenit.version3.Test.LoginTestForPostiveAndNegativeFlow@5649fd9b] output=Enter the Maild---------san111@screenit.io]]]>
              </value>
            </param>
          </params>
          <reporter-output>
          </reporter-output>
        </test-method> <!-- screenShotForFailedTestCase -->
      </class> <!-- com.Screenit.version3.Test.LoginTestForPostiveAndNegativeFlow -->
    </test> <!-- Screenit Valid email and Invalid password -->
    <test name="Screenit InValid email and valid password" duration-ms="94095" started-at="2023-06-21T06:06:50Z" finished-at="2023-06-21T06:08:24Z">
      <class name="com.Screenit.version3.Test.LoginTestForPostiveAndNegativeFlow">
        <test-method status="PASS" signature="setUp()[pri:0, instance:com.Screenit.version3.Test.LoginTestForPostiveAndNegativeFlow@64bfbc86]" name="setUp" is-config="true" duration-ms="2710" started-at="2023-06-21T11:36:50Z" finished-at="2023-06-21T11:36:53Z">
          <reporter-output>
            <line>
              <![CDATA[The chrome browser is open now]]>
            </line>
            <line>
              <![CDATA[The browser is maximize]]>
            </line>
          </reporter-output>
        </test-method> <!-- setUp -->
        <test-method status="PASS" signature="loginFunctionality(java.lang.String, java.lang.String, java.lang.String)[pri:1, instance:com.Screenit.version3.Test.LoginTestForPostiveAndNegativeFlow@64bfbc86]" name="loginFunctionality" duration-ms="90290" started-at="2023-06-21T11:36:53Z" finished-at="2023-06-21T11:38:23Z">
          <params>
            <param index="0">
              <value>
                <![CDATA[an1@screenit.io]]>
              </value>
            </param>
            <param index="1">
              <value>
                <![CDATA[Welcome@1]]>
              </value>
            </param>
            <param index="2">
              <value>
                <![CDATA[LoginPageNegativescreenshotwithInValidEmail]]>
              </value>
            </param>
          </params>
          <reporter-output>
            <line>
              <![CDATA[Enter the Maild---------an1@screenit.io]]>
            </line>
            <line>
              <![CDATA[Enter the Password-----Welcome@1]]>
            </line>
            <line>
              <![CDATA[click the submit button]]>
            </line>
            <line>
              <![CDATA[<a href='C:\Users\TTS-USER\AppData\Local\TempLoginPageNegativescreenshotwithInValidEmail---2023-06-21 11-38-18.png'> <img src='C:\Users\TTS-USER\AppData\Local\TempLoginPageNegativescreenshotwithInValidEmail---2023-06-21 11-38-18.png' height='100' width='100'/> </a>]]>
            </line>
            <line>
              <![CDATA[Successfully enter the wrong creditals getting message from loginpage---Invalid Credentials]]>
            </line>
          </reporter-output>
        </test-method> <!-- loginFunctionality -->
        <test-method status="PASS" signature="screenShotForFailedTestCase(org.testng.ITestResult)[pri:0, instance:com.Screenit.version3.Test.LoginTestForPostiveAndNegativeFlow@64bfbc86]" name="screenShotForFailedTestCase" is-config="true" duration-ms="1085" started-at="2023-06-21T11:38:23Z" finished-at="2023-06-21T11:38:24Z">
          <params>
            <param index="0">
              <value>
                <![CDATA[[TestResult name=loginFunctionality status=SUCCESS method=LoginTestForPostiveAndNegativeFlow.loginFunctionality(java.lang.String, java.lang.String, java.lang.String)[pri:1, instance:com.Screenit.version3.Test.LoginTestForPostiveAndNegativeFlow@64bfbc86] output=Enter the Maild---------an1@screenit.io]]]>
              </value>
            </param>
          </params>
          <reporter-output>
          </reporter-output>
        </test-method> <!-- screenShotForFailedTestCase -->
      </class> <!-- com.Screenit.version3.Test.LoginTestForPostiveAndNegativeFlow -->
    </test> <!-- Screenit InValid email and valid password -->
    <test name="Screenit InValid email and Invalid password" duration-ms="61947" started-at="2023-06-21T06:08:24Z" finished-at="2023-06-21T06:09:26Z">
      <class name="com.Screenit.version3.Test.LoginTestForPostiveAndNegativeFlow">
        <test-method status="PASS" signature="setUp()[pri:0, instance:com.Screenit.version3.Test.LoginTestForPostiveAndNegativeFlow@7e0b0338]" name="setUp" is-config="true" duration-ms="2341" started-at="2023-06-21T11:38:24Z" finished-at="2023-06-21T11:38:27Z">
          <reporter-output>
            <line>
              <![CDATA[The chrome browser is open now]]>
            </line>
            <line>
              <![CDATA[The browser is maximize]]>
            </line>
          </reporter-output>
        </test-method> <!-- setUp -->
        <test-method status="PASS" signature="loginFunctionality(java.lang.String, java.lang.String, java.lang.String)[pri:1, instance:com.Screenit.version3.Test.LoginTestForPostiveAndNegativeFlow@7e0b0338]" name="loginFunctionality" duration-ms="58512" started-at="2023-06-21T11:38:27Z" finished-at="2023-06-21T11:39:25Z">
          <params>
            <param index="0">
              <value>
                <![CDATA[sa1@screenit.io]]>
              </value>
            </param>
            <param index="1">
              <value>
                <![CDATA[Welcome@]]>
              </value>
            </param>
            <param index="2">
              <value>
                <![CDATA[LoginPageNegativescreenshotwithInavlidPasswordAndEmailid]]>
              </value>
            </param>
          </params>
          <reporter-output>
            <line>
              <![CDATA[Enter the Maild---------sa1@screenit.io]]>
            </line>
            <line>
              <![CDATA[Enter the Password-----Welcome@]]>
            </line>
            <line>
              <![CDATA[click the submit button]]>
            </line>
            <line>
              <![CDATA[<a href='C:\Users\TTS-USER\AppData\Local\TempLoginPageNegativescreenshotwithInavlidPasswordAndEmailid---2023-06-21 11-39-20.png'> <img src='C:\Users\TTS-USER\AppData\Local\TempLoginPageNegativescreenshotwithInavlidPasswordAndEmailid---2023-06-21 11-39-20.png' height='100' width='100'/> </a>]]>
            </line>
            <line>
              <![CDATA[Successfully enter the wrong creditals getting message from loginpage---Invalid Credentials]]>
            </line>
          </reporter-output>
        </test-method> <!-- loginFunctionality -->
        <test-method status="PASS" signature="screenShotForFailedTestCase(org.testng.ITestResult)[pri:0, instance:com.Screenit.version3.Test.LoginTestForPostiveAndNegativeFlow@7e0b0338]" name="screenShotForFailedTestCase" is-config="true" duration-ms="1086" started-at="2023-06-21T11:39:25Z" finished-at="2023-06-21T11:39:26Z">
          <params>
            <param index="0">
              <value>
                <![CDATA[[TestResult name=loginFunctionality status=SUCCESS method=LoginTestForPostiveAndNegativeFlow.loginFunctionality(java.lang.String, java.lang.String, java.lang.String)[pri:1, instance:com.Screenit.version3.Test.LoginTestForPostiveAndNegativeFlow@7e0b0338] output=Enter the Maild---------sa1@screenit.io]]]>
              </value>
            </param>
          </params>
          <reporter-output>
          </reporter-output>
        </test-method> <!-- screenShotForFailedTestCase -->
      </class> <!-- com.Screenit.version3.Test.LoginTestForPostiveAndNegativeFlow -->
    </test> <!-- Screenit InValid email and Invalid password -->
  </suite> <!-- Screenit app for LoginPage -->
  <suite name="ScreenIt App for Forgot Password" duration-ms="193995" started-at="2023-06-21T06:09:26Z" finished-at="2023-06-21T06:12:40Z">
    <groups>
    </groups>
    <test name="forgot password with existing mailid" duration-ms="59058" started-at="2023-06-21T06:09:26Z" finished-at="2023-06-21T06:10:25Z">
      <class name="com.Screenit.version3.Test.ForgotPasswordTestForPostiveAndNegativeFlow">
        <test-method status="PASS" signature="setUp()[pri:0, instance:com.Screenit.version3.Test.ForgotPasswordTestForPostiveAndNegativeFlow@3327bd23]" name="setUp" is-config="true" duration-ms="2213" started-at="2023-06-21T11:39:26Z" finished-at="2023-06-21T11:39:29Z">
          <reporter-output>
            <line>
              <![CDATA[The chrome browser is open now]]>
            </line>
            <line>
              <![CDATA[The browser is maximize]]>
            </line>
          </reporter-output>
        </test-method> <!-- setUp -->
        <test-method status="PASS" signature="forgetPassword(java.lang.String, java.lang.String)[pri:0, instance:com.Screenit.version3.Test.ForgotPasswordTestForPostiveAndNegativeFlow@3327bd23]" name="forgetPassword" duration-ms="55775" started-at="2023-06-21T11:39:29Z" finished-at="2023-06-21T11:40:24Z">
          <params>
            <param index="0">
              <value>
                <![CDATA[san111@screenit.io]]>
              </value>
            </param>
            <param index="1">
              <value>
                <![CDATA[forgotpasswordwithExistingUser]]>
              </value>
            </param>
          </params>
          <reporter-output>
            <line>
              <![CDATA[<a href='C:\Users\TTS-USER\AppData\Local\TempforgotpasswordwithExistingUser---2023-06-21 11-40-19.png'> <img src='C:\Users\TTS-USER\AppData\Local\TempforgotpasswordwithExistingUser---2023-06-21 11-40-19.png' height='100' width='100'/> </a>]]>
            </line>
            <line>
              <![CDATA[forgetpassword succesfully-----Link to reset password is sent to your registered email!]]>
            </line>
          </reporter-output>
        </test-method> <!-- forgetPassword -->
        <test-method status="PASS" signature="screenShotForFailedTestCase(org.testng.ITestResult)[pri:0, instance:com.Screenit.version3.Test.ForgotPasswordTestForPostiveAndNegativeFlow@3327bd23]" name="screenShotForFailedTestCase" is-config="true" duration-ms="1064" started-at="2023-06-21T11:40:24Z" finished-at="2023-06-21T11:40:25Z">
          <params>
            <param index="0">
              <value>
                <![CDATA[[TestResult name=forgetPassword status=SUCCESS method=ForgotPasswordTestForPostiveAndNegativeFlow.forgetPassword(java.lang.String, java.lang.String)[pri:0, instance:com.Screenit.version3.Test.ForgotPasswordTestForPostiveAndNegativeFlow@3327bd23] output=<a href='C:\Users\TTS-USER\AppData\Local\TempforgotpasswordwithExistingUser---2023-06-21 11-40-19.png'> <img src='C:\Users\TTS-USER\AppData\Local\TempforgotpasswordwithExistingUser---2023-06-21 11-40-19.png' height='100' width='100'/> </a>]]]>
              </value>
            </param>
          </params>
          <reporter-output>
          </reporter-output>
        </test-method> <!-- screenShotForFailedTestCase -->
      </class> <!-- com.Screenit.version3.Test.ForgotPasswordTestForPostiveAndNegativeFlow -->
    </test> <!-- forgot password with existing mailid -->
    <test name="forgot password with new mailid" duration-ms="69241" started-at="2023-06-21T06:10:25Z" finished-at="2023-06-21T06:11:35Z">
      <class name="com.Screenit.version3.Test.ForgotPasswordTestForPostiveAndNegativeFlow">
        <test-method status="PASS" signature="setUp()[pri:0, instance:com.Screenit.version3.Test.ForgotPasswordTestForPostiveAndNegativeFlow@5383967b]" name="setUp" is-config="true" duration-ms="2291" started-at="2023-06-21T11:40:25Z" finished-at="2023-06-21T11:40:28Z">
          <reporter-output>
            <line>
              <![CDATA[The chrome browser is open now]]>
            </line>
            <line>
              <![CDATA[The browser is maximize]]>
            </line>
          </reporter-output>
        </test-method> <!-- setUp -->
        <test-method status="PASS" signature="forgetPassword(java.lang.String, java.lang.String)[pri:0, instance:com.Screenit.version3.Test.ForgotPasswordTestForPostiveAndNegativeFlow@5383967b]" name="forgetPassword" duration-ms="65801" started-at="2023-06-21T11:40:28Z" finished-at="2023-06-21T11:41:33Z">
          <params>
            <param index="0">
              <value>
                <![CDATA[san191@screenit.io]]>
              </value>
            </param>
            <param index="1">
              <value>
                <![CDATA[forgotpasswordwithNewMailId]]>
              </value>
            </param>
          </params>
          <reporter-output>
            <line>
              <![CDATA[<a href='C:\Users\TTS-USER\AppData\Local\TempforgotpasswordwithNewMailId---2023-06-21 11-41-28.png'> <img src='C:\Users\TTS-USER\AppData\Local\TempforgotpasswordwithNewMailId---2023-06-21 11-41-28.png' height='100' width='100'/> </a>]]>
            </line>
            <line>
              <![CDATA[please check the existing mail id -------Invalid User]]>
            </line>
          </reporter-output>
        </test-method> <!-- forgetPassword -->
        <test-method status="PASS" signature="screenShotForFailedTestCase(org.testng.ITestResult)[pri:0, instance:com.Screenit.version3.Test.ForgotPasswordTestForPostiveAndNegativeFlow@5383967b]" name="screenShotForFailedTestCase" is-config="true" duration-ms="1139" started-at="2023-06-21T11:41:34Z" finished-at="2023-06-21T11:41:35Z">
          <params>
            <param index="0">
              <value>
                <![CDATA[[TestResult name=forgetPassword status=SUCCESS method=ForgotPasswordTestForPostiveAndNegativeFlow.forgetPassword(java.lang.String, java.lang.String)[pri:0, instance:com.Screenit.version3.Test.ForgotPasswordTestForPostiveAndNegativeFlow@5383967b] output=<a href='C:\Users\TTS-USER\AppData\Local\TempforgotpasswordwithNewMailId---2023-06-21 11-41-28.png'> <img src='C:\Users\TTS-USER\AppData\Local\TempforgotpasswordwithNewMailId---2023-06-21 11-41-28.png' height='100' width='100'/> </a>]]]>
              </value>
            </param>
          </params>
          <reporter-output>
          </reporter-output>
        </test-method> <!-- screenShotForFailedTestCase -->
      </class> <!-- com.Screenit.version3.Test.ForgotPasswordTestForPostiveAndNegativeFlow -->
    </test> <!-- forgot password with new mailid -->
    <test name="forgot password with wrong mailid" duration-ms="65677" started-at="2023-06-21T06:11:35Z" finished-at="2023-06-21T06:12:40Z">
      <class name="com.Screenit.version3.Test.ForgotPasswordTestForPostiveAndNegativeFlow">
        <test-method status="PASS" signature="setUp()[pri:0, instance:com.Screenit.version3.Test.ForgotPasswordTestForPostiveAndNegativeFlow@5abca1e0]" name="setUp" is-config="true" duration-ms="2394" started-at="2023-06-21T11:41:35Z" finished-at="2023-06-21T11:41:37Z">
          <reporter-output>
            <line>
              <![CDATA[The chrome browser is open now]]>
            </line>
            <line>
              <![CDATA[The browser is maximize]]>
            </line>
          </reporter-output>
        </test-method> <!-- setUp -->
        <test-method status="PASS" signature="forgetPassword(java.lang.String, java.lang.String)[pri:0, instance:com.Screenit.version3.Test.ForgotPasswordTestForPostiveAndNegativeFlow@5abca1e0]" name="forgetPassword" duration-ms="62241" started-at="2023-06-21T11:41:37Z" finished-at="2023-06-21T11:42:39Z">
          <params>
            <param index="0">
              <value>
                <![CDATA[@screenit.io]]>
              </value>
            </param>
            <param index="1">
              <value>
                <![CDATA[forgotpasswordwithWrongMaildId]]>
              </value>
            </param>
          </params>
          <reporter-output>
            <line>
              <![CDATA[<a href='C:\Users\TTS-USER\AppData\Local\TempforgotpasswordwithWrongMaildId---2023-06-21 11-42-34.png'> <img src='C:\Users\TTS-USER\AppData\Local\TempforgotpasswordwithWrongMaildId---2023-06-21 11-42-34.png' height='100' width='100'/> </a>]]>
            </line>
            <line>
              <![CDATA[Please check the mailid-------* Enter the valid email]]>
            </line>
          </reporter-output>
        </test-method> <!-- forgetPassword -->
        <test-method status="PASS" signature="screenShotForFailedTestCase(org.testng.ITestResult)[pri:0, instance:com.Screenit.version3.Test.ForgotPasswordTestForPostiveAndNegativeFlow@5abca1e0]" name="screenShotForFailedTestCase" is-config="true" duration-ms="1035" started-at="2023-06-21T11:42:39Z" finished-at="2023-06-21T11:42:40Z">
          <params>
            <param index="0">
              <value>
                <![CDATA[[TestResult name=forgetPassword status=SUCCESS method=ForgotPasswordTestForPostiveAndNegativeFlow.forgetPassword(java.lang.String, java.lang.String)[pri:0, instance:com.Screenit.version3.Test.ForgotPasswordTestForPostiveAndNegativeFlow@5abca1e0] output=<a href='C:\Users\TTS-USER\AppData\Local\TempforgotpasswordwithWrongMaildId---2023-06-21 11-42-34.png'> <img src='C:\Users\TTS-USER\AppData\Local\TempforgotpasswordwithWrongMaildId---2023-06-21 11-42-34.png' height='100' width='100'/> </a>]]]>
              </value>
            </param>
          </params>
          <reporter-output>
          </reporter-output>
        </test-method> <!-- screenShotForFailedTestCase -->
      </class> <!-- com.Screenit.version3.Test.ForgotPasswordTestForPostiveAndNegativeFlow -->
    </test> <!-- forgot password with wrong mailid -->
  </suite> <!-- ScreenIt App for Forgot Password -->
  <suite name="Upload Id for Screenit App" duration-ms="761443" started-at="2023-06-21T06:17:30Z" finished-at="2023-06-21T06:30:12Z">
    <groups>
    </groups>
    <test name="Java developer post with check positive and negative scenerio" duration-ms="761443" started-at="2023-06-21T06:17:30Z" finished-at="2023-06-21T06:30:12Z">
      <class name="com.Screenit.version3.Test.UploadIDTestForPostiveAndNegativeFlow">
        <test-method status="PASS" signature="setup()[pri:0, instance:com.Screenit.version3.Test.UploadIDTestForPostiveAndNegativeFlow@887af79]" name="setup" is-config="true" duration-ms="2486" started-at="2023-06-21T11:47:30Z" finished-at="2023-06-21T11:47:33Z">
          <reporter-output>
            <line>
              <![CDATA[The chrome browser is open now]]>
            </line>
            <line>
              <![CDATA[The browser is maximize]]>
            </line>
          </reporter-output>
        </test-method> <!-- setup -->
        <test-method status="PASS" signature="loginFunctionality(java.lang.String, java.lang.String, java.lang.String)[pri:1, instance:com.Screenit.version3.Test.UploadIDTestForPostiveAndNegativeFlow@887af79]" name="loginFunctionality" duration-ms="90597" started-at="2023-06-21T11:47:33Z" finished-at="2023-06-21T11:49:03Z">
          <params>
            <param index="0">
              <value>
                <![CDATA[san111@screenit.io]]>
              </value>
            </param>
            <param index="1">
              <value>
                <![CDATA[Welcome@1]]>
              </value>
            </param>
            <param index="2">
              <value>
                <![CDATA[Loginscreenshots]]>
              </value>
            </param>
          </params>
          <reporter-output>
            <line>
              <![CDATA[Enter the Maild---------san111@screenit.io]]>
            </line>
            <line>
              <![CDATA[Enter the Password-----Welcome@1]]>
            </line>
            <line>
              <![CDATA[click the submit button]]>
            </line>
            <line>
              <![CDATA[<a href='C:\Users\TTS-USER\AppData\Local\TempLoginscreenshots---2023-06-21 11-49-01.png'> <img src='C:\Users\TTS-USER\AppData\Local\TempLoginscreenshots---2023-06-21 11-49-01.png' height='100' width='100'/> </a>]]>
            </line>
            <line>
              <![CDATA[succesfully login and navigate to the dashboard pagehttps://demo.screenit.io/#/dashboard_v3]]>
            </line>
          </reporter-output>
        </test-method> <!-- loginFunctionality -->
        <test-method status="PASS" signature="UploadIdFile(java.lang.String)[pri:2, instance:com.Screenit.version3.Test.UploadIDTestForPostiveAndNegativeFlow@887af79]" name="UploadIdFile" duration-ms="16564" started-at="2023-06-21T11:49:03Z" finished-at="2023-06-21T11:49:20Z">
          <params>
            <param index="0">
              <value>
                <![CDATA[C:\\Users\\TTS-USER\\workspace\\com.TrueTech.ScreenIT.NewFlow\\sample\\samplejd\\Java Developer.docx]]>
              </value>
            </param>
          </params>
          <reporter-output>
            <line>
              <![CDATA[Title of the popup name--------Interviewer Description ID]]>
            </line>
          </reporter-output>
        </test-method> <!-- UploadIdFile -->
        <test-method status="PASS" signature="CreateInterviewerDescriptionIDwithclickPostButtonAndFilledTheMandatoryField(java.lang.String, java.lang.String, java.lang.String, java.lang.String, java.lang.String, java.lang.String, java.lang.String)[pri:3, instance:com.Screenit.version3.Test.UploadIDTestForPostiveAndNegativeFlow@887af79]" name="CreateInterviewerDescriptionIDwithclickPostButtonAndFilledTheMandatoryField" duration-ms="151077" started-at="2023-06-21T11:49:20Z" description="When clicking post button with filled the mandatory field" finished-at="2023-06-21T11:51:51Z">
          <params>
            <param index="0">
              <value>
                <![CDATA[10 years]]>
              </value>
            </param>
            <param index="1">
              <value>
                <![CDATA[5 months]]>
              </value>
            </param>
            <param index="2">
              <value>
                <![CDATA[Core Java,JIRA]]>
              </value>
            </param>
            <param index="3">
              <value>
                <![CDATA[Agile Methodologies]]>
              </value>
            </param>
            <param index="4">
              <value>
                <![CDATA[testing]]>
              </value>
            </param>
            <param index="5">
              <value>
                <![CDATA[NA]]>
              </value>
            </param>
            <param index="6">
              <value>
                <![CDATA[PostCreatedWithMandatoryFieldScreenshot]]>
              </value>
            </param>
          </params>
          <reporter-output>
            <line>
              <![CDATA[Title of the post popup name------Create Interviewer Description ID]]>
            </line>
            <line>
              <![CDATA[Autopopulate name is working fine]]>
            </line>
            <line>
              <![CDATA[Autopopulate date validity is working fine]]>
            </line>
            <line>
              <![CDATA[sucessfully highlighted the overall experience-----Select Year *1 year2 years3 years4 years5 years6 years7 years8 years9 years10 years11 years12 years13 years14 years15 years16 years17 years18 years19 years20 years21 years]]>
            </line>
            <line>
              <![CDATA[sucessfully highlighted the months-----Select Month *0 month1 month2 months3 months4 months5 months6 months7 months8 months9 months10 months11 months]]>
            </line>
            <line>
              <![CDATA[Selected primary skill are -----Core Java]]>
            </line>
            <line>
              <![CDATA[Selected primary skill are -----Core JavaJIRA]]>
            </line>
            <line>
              <![CDATA[selected secondary skills are :Agile methodologies]]>
            </line>
            <line>
              <![CDATA[Auto populated resume attachment is working fine-----Java Developer.docx]]>
            </line>
            <line>
              <![CDATA[<a href='C:\Users\TTS-USER\AppData\Local\TempPostCreatedWithMandatoryFieldScreenshot---2023-06-21 11-51-51.png'> <img src='C:\Users\TTS-USER\AppData\Local\TempPostCreatedWithMandatoryFieldScreenshot---2023-06-21 11-51-51.png' height='100' width='100'/> </a>]]>
            </line>
            <line>
              <![CDATA[Post should be created successfully]]>
            </line>
          </reporter-output>
        </test-method> <!-- CreateInterviewerDescriptionIDwithclickPostButtonAndFilledTheMandatoryField -->
        <test-method status="PASS" signature="CreateInterviewerDescriptionIDWithClickResetButtonWithoutFilledAllTheField(java.lang.String, java.lang.String, java.lang.String, java.lang.String, java.lang.String, java.lang.String, java.lang.String, java.lang.String)[pri:4, instance:com.Screenit.version3.Test.UploadIDTestForPostiveAndNegativeFlow@887af79]" name="CreateInterviewerDescriptionIDWithClickResetButtonWithoutFilledAllTheField" duration-ms="166908" started-at="2023-06-21T11:51:51Z" description="When clicking the Reset Button without filled the mandatory field" finished-at="2023-06-21T11:54:38Z">
          <params>
            <param index="0">
              <value>
                <![CDATA[C:\\Users\\TTS-USER\\workspace\\com.TrueTech.ScreenIT.NewFlow\\sample\\samplejd\\Java Developer.docx]]>
              </value>
            </param>
            <param index="1">
              <value>
                <![CDATA[10 years]]>
              </value>
            </param>
            <param index="2">
              <value>
                <![CDATA[5 months]]>
              </value>
            </param>
            <param index="3">
              <value>
                <![CDATA[Core Java,JIRA]]>
              </value>
            </param>
            <param index="4">
              <value>
                <![CDATA[Agile Methodologies]]>
              </value>
            </param>
            <param index="5">
              <value>
                <![CDATA[testing]]>
              </value>
            </param>
            <param index="6">
              <value>
                <![CDATA[NA]]>
              </value>
            </param>
            <param index="7">
              <value>
                <![CDATA[PostNotCreatedwithoutFilledMandatoryFieldScreenshot]]>
              </value>
            </param>
          </params>
          <reporter-output>
            <line>
              <![CDATA[Title of the popup name--------Interviewer Description ID]]>
            </line>
            <line>
              <![CDATA[Title of the post popup name------Create Interviewer Description ID]]>
            </line>
            <line>
              <![CDATA[Autopopulate name is working fine]]>
            </line>
            <line>
              <![CDATA[Autopopulate date validity is working fine]]>
            </line>
            <line>
              <![CDATA[sucessfully highlighted the overall experience-----Select Year *1 year2 years3 years4 years5 years6 years7 years8 years9 years10 years11 years12 years13 years14 years15 years16 years17 years18 years19 years20 years21 years]]>
            </line>
            <line>
              <![CDATA[sucessfully highlighted the months-----Select Month *0 month1 month2 months3 months4 months5 months6 months7 months8 months9 months10 months11 months]]>
            </line>
            <line>
              <![CDATA[Selected primary skill are -----Core Java]]>
            </line>
            <line>
              <![CDATA[Selected primary skill are -----Core JavaJIRA]]>
            </line>
            <line>
              <![CDATA[selected secondary skills are :Agile methodologies]]>
            </line>
            <line>
              <![CDATA[Auto populated resume attachment is working fine-----Java Developer.docx]]>
            </line>
            <line>
              <![CDATA[<a href='C:\Users\TTS-USER\AppData\Local\TempPostNotCreatedwithoutFilledMandatoryFieldScreenshot---2023-06-21 11-54-34.png'> <img src='C:\Users\TTS-USER\AppData\Local\TempPostNotCreatedwithoutFilledMandatoryFieldScreenshot---2023-06-21 11-54-34.png' height='100' width='100'/> </a>]]>
            </line>
            <line>
              <![CDATA[please check the job tittle is not working----* Enter the job title]]>
            </line>
            <line>
              <![CDATA[please check the post validity is not working ---* Select post validity]]>
            </line>
            <line>
              <![CDATA[please check the select the year is  not working----* Select the year]]>
            </line>
            <line>
              <![CDATA[please check the select the month is  not working----* Select the month]]>
            </line>
            <line>
[...]
              </value>
            </param>
          </params>
          <reporter-output>
            <line>
              <![CDATA[<a href='C:\Users\TTS-USER\AppData\Local\TempResumeUploadedWithPostiveFileScreenshots---2023-06-21 12-03-48.png'> <img src='C:\Users\TTS-USER\AppData\Local\TempResumeUploadedWithPostiveFileScreenshots---2023-06-21 12-03-48.png' height='100' width='100'/> </a>]]>
            </line>
            <line>
              <![CDATA[Candidate Resume Uploaded Successfully]]>
            </line>
          </reporter-output>
        </test-method> <!-- UploadSingleResumeWithPostive -->
        <test-method status="PASS" signature="UploadSingleResumeWithNegative(java.lang.String, java.lang.String)[pri:3, instance:com.Screenit.version3.Test.UploadIdResumeTestForPostiveAndNegativeflow@578486a3]" name="UploadSingleResumeWithNegative" duration-ms="17565" started-at="2023-06-21T12:03:49Z" finished-at="2023-06-21T12:04:06Z">
          <params>
            <param index="0">
              <value>
                <![CDATA[C:\\Users\\TTS-USER\\workspace\\com.TrueTech.ScreenIT.NewFlow\\sample\\samplejd\\Candidate Edit details for single post.png]]>
              </value>
            </param>
            <param index="1">
              <value>
                <![CDATA[ResumeUploadedWithNegativeFileScreenshots]]>
              </value>
            </param>
          </params>
          <reporter-output>
            <line>
              <![CDATA[<a href='C:\Users\TTS-USER\AppData\Local\TempResumeUploadedWithNegativeFileScreenshots---2023-06-21 12-04-03.png'> <img src='C:\Users\TTS-USER\AppData\Local\TempResumeUploadedWithNegativeFileScreenshots---2023-06-21 12-04-03.png' height='100' width='100'/> </a>]]>
            </line>
            <line>
              <![CDATA[upload file should be pdf or docx]]>
            </line>
          </reporter-output>
        </test-method> <!-- UploadSingleResumeWithNegative -->
        <test-method status="PASS" signature="tearDown()[pri:0, instance:com.Screenit.version3.Test.UploadIdResumeTestForPostiveAndNegativeflow@578486a3]" name="tearDown" is-config="true" duration-ms="1103" started-at="2023-06-21T12:04:06Z" finished-at="2023-06-21T12:04:07Z">
          <reporter-output>
          </reporter-output>
        </test-method> <!-- tearDown -->
      </class> <!-- com.Screenit.version3.Test.UploadIdResumeTestForPostiveAndNegativeflow -->
    </test> <!-- UploadSingleResume without EmailID and mobile number(.Docx) and NegativeResume for .png  -->
    <test name="UploadSingleResume with EmailID and mobile number(.pdf) and NegativeResume for zipfile" duration-ms="119585" started-at="2023-06-21T06:34:07Z" finished-at="2023-06-21T06:36:07Z">
      <class name="com.Screenit.version3.Test.UploadIdResumeTestForPostiveAndNegativeflow">
        <test-method status="PASS" signature="setup()[pri:0, instance:com.Screenit.version3.Test.UploadIdResumeTestForPostiveAndNegativeflow@3cef309d]" name="setup" is-config="true" duration-ms="2221" started-at="2023-06-21T12:04:07Z" finished-at="2023-06-21T12:04:09Z">
          <reporter-output>
            <line>
              <![CDATA[The chrome browser is open now]]>
            </line>
            <line>
              <![CDATA[The browser is maximize]]>
            </line>
          </reporter-output>
        </test-method> <!-- setup -->
        <test-method status="PASS" signature="login(java.lang.String, java.lang.String, java.lang.String)[pri:1, instance:com.Screenit.version3.Test.UploadIdResumeTestForPostiveAndNegativeflow@3cef309d]" name="login" duration-ms="84443" started-at="2023-06-21T12:04:09Z" finished-at="2023-06-21T12:05:34Z">
          <params>
            <param index="0">
              <value>
                <![CDATA[san111@screenit.io]]>
              </value>
            </param>
            <param index="1">
              <value>
                <![CDATA[Welcome@1]]>
              </value>
            </param>
            <param index="2">
              <value>
                <![CDATA[loginScreenshot]]>
              </value>
            </param>
          </params>
          <reporter-output>
            <line>
              <![CDATA[Enter the Maild---------san111@screenit.io]]>
            </line>
            <line>
              <![CDATA[Enter the Password-----Welcome@1]]>
            </line>
            <line>
              <![CDATA[click the submit button]]>
            </line>
            <line>
              <![CDATA[<a href='C:\Users\TTS-USER\AppData\Local\TemploginScreenshot---2023-06-21 12-05-32.png'> <img src='C:\Users\TTS-USER\AppData\Local\TemploginScreenshot---2023-06-21 12-05-32.png' height='100' width='100'/> </a>]]>
            </line>
            <line>
              <![CDATA[succesfully login and navigate to the dashboard pagehttps://demo.screenit.io/#/dashboard_v3]]>
            </line>
          </reporter-output>
        </test-method> <!-- login -->
        <test-method status="PASS" signature="UploadSingleResumeWithPostive(java.lang.String, java.lang.String, java.lang.String)[pri:2, instance:com.Screenit.version3.Test.UploadIdResumeTestForPostiveAndNegativeflow@3cef309d]" name="UploadSingleResumeWithPostive" duration-ms="14305" started-at="2023-06-21T12:05:34Z" finished-at="2023-06-21T12:05:48Z">
          <params>
            <param index="0">
              <value>
                <![CDATA[id]]>
              </value>
            </param>
            <param index="1">
              <value>
                <![CDATA[C:\\Users\\TTS-USER\\workspace\\com.TrueTech.ScreenIT.NewFlow\\sample\\samplejd\\Mrinalini V.pdf]]>
              </value>
            </param>
            <param index="2">
              <value>
                <![CDATA[ResumeUploadedWithPostiveFileScreenshots]]>
              </value>
            </param>
          </params>
          <reporter-output>
            <line>
              <![CDATA[<a href='C:\Users\TTS-USER\AppData\Local\TempResumeUploadedWithPostiveFileScreenshots---2023-06-21 12-05-48.png'> <img src='C:\Users\TTS-USER\AppData\Local\TempResumeUploadedWithPostiveFileScreenshots---2023-06-21 12-05-48.png' height='100' width='100'/> </a>]]>
            </line>
            <line>
              <![CDATA[Candidate Resume Uploaded Successfully]]>
            </line>
          </reporter-output>
        </test-method> <!-- UploadSingleResumeWithPostive -->
        <test-method status="PASS" signature="UploadSingleResumeWithNegative(java.lang.String, java.lang.String)[pri:3, instance:com.Screenit.version3.Test.UploadIdResumeTestForPostiveAndNegativeflow@3cef309d]" name="UploadSingleResumeWithNegative" duration-ms="17500" started-at="2023-06-21T12:05:48Z" finished-at="2023-06-21T12:06:06Z">
          <params>
            <param index="0">
              <value>
                <![CDATA[C:\\Users\\TTS-USER\\workspace\\com.TrueTech.ScreenIT.NewFlow\\sample\\samplejd\\Today Demo Automation Report.zip]]>
              </value>
            </param>
            <param index="1">
              <value>
                <![CDATA[ResumeUploadedWithNegativeFileScreenshots]]>
              </value>
            </param>
          </params>
          <reporter-output>
            <line>
              <![CDATA[<a href='C:\Users\TTS-USER\AppData\Local\TempResumeUploadedWithNegativeFileScreenshots---2023-06-21 12-06-02.png'> <img src='C:\Users\TTS-USER\AppData\Local\TempResumeUploadedWithNegativeFileScreenshots---2023-06-21 12-06-02.png' height='100' width='100'/> </a>]]>
            </line>
            <line>
              <![CDATA[upload file should be pdf or docx]]>
            </line>
          </reporter-output>
        </test-method> <!-- UploadSingleResumeWithNegative -->
        <test-method status="PASS" signature="tearDown()[pri:0, instance:com.Screenit.version3.Test.UploadIdResumeTestForPostiveAndNegativeflow@3cef309d]" name="tearDown" is-config="true" duration-ms="1109" started-at="2023-06-21T12:06:06Z" finished-at="2023-06-21T12:06:07Z">
          <reporter-output>
          </reporter-output>
        </test-method> <!-- tearDown -->
      </class> <!-- com.Screenit.version3.Test.UploadIdResumeTestForPostiveAndNegativeflow -->
    </test> <!-- UploadSingleResume with EmailID and mobile number(.pdf) and NegativeResume for zipfile -->
    <test name="UploadSingleResume without EmailID and mobile number(.pdf) and NegativeResume for excel file" duration-ms="135159" started-at="2023-06-21T06:36:07Z" finished-at="2023-06-21T06:38:22Z">
      <class name="com.Screenit.version3.Test.UploadIdResumeTestForPostiveAndNegativeflow">
        <test-method status="PASS" signature="setup()[pri:0, instance:com.Screenit.version3.Test.UploadIdResumeTestForPostiveAndNegativeflow@6321e813]" name="setup" is-config="true" duration-ms="2294" started-at="2023-06-21T12:06:07Z" finished-at="2023-06-21T12:06:09Z">
          <reporter-output>
            <line>
              <![CDATA[The chrome browser is open now]]>
            </line>
            <line>
              <![CDATA[The browser is maximize]]>
            </line>
          </reporter-output>
        </test-method> <!-- setup -->
        <test-method status="PASS" signature="login(java.lang.String, java.lang.String, java.lang.String)[pri:1, instance:com.Screenit.version3.Test.UploadIdResumeTestForPostiveAndNegativeflow@6321e813]" name="login" duration-ms="99607" started-at="2023-06-21T12:06:09Z" finished-at="2023-06-21T12:07:49Z">
          <params>
            <param index="0">
              <value>
                <![CDATA[san111@screenit.io]]>
              </value>
            </param>
            <param index="1">
              <value>
                <![CDATA[Welcome@1]]>
              </value>
            </param>
            <param index="2">
              <value>
                <![CDATA[loginScreenshot]]>
              </value>
            </param>
          </params>
          <reporter-output>
            <line>
              <![CDATA[Enter the Maild---------san111@screenit.io]]>
            </line>
            <line>
              <![CDATA[Enter the Password-----Welcome@1]]>
            </line>
            <line>
              <![CDATA[click the submit button]]>
            </line>
            <line>
              <![CDATA[<a href='C:\Users\TTS-USER\AppData\Local\TemploginScreenshot---2023-06-21 12-07-47.png'> <img src='C:\Users\TTS-USER\AppData\Local\TemploginScreenshot---2023-06-21 12-07-47.png' height='100' width='100'/> </a>]]>
            </line>
            <line>
              <![CDATA[succesfully login and navigate to the dashboard pagehttps://demo.screenit.io/#/dashboard_v3]]>
            </line>
          </reporter-output>
        </test-method> <!-- login -->
        <test-method status="PASS" signature="UploadSingleResumeWithPostive(java.lang.String, java.lang.String, java.lang.String)[pri:2, instance:com.Screenit.version3.Test.UploadIdResumeTestForPostiveAndNegativeflow@6321e813]" name="UploadSingleResumeWithPostive" duration-ms="14415" started-at="2023-06-21T12:07:49Z" finished-at="2023-06-21T12:08:03Z">
          <params>
            <param index="0">
              <value>
                <![CDATA[id]]>
              </value>
            </param>
            <param index="1">
              <value>
                <![CDATA[C:\\Users\\TTS-USER\\workspace\\com.TrueTech.ScreenIT.NewFlow\\sample\\samplejd\\Automation Testing.pdf]]>
              </value>
            </param>
            <param index="2">
              <value>
                <![CDATA[ResumeUploadedWithPostiveFileScreenshots]]>
              </value>
            </param>
          </params>
          <reporter-output>
            <line>
              <![CDATA[<a href='C:\Users\TTS-USER\AppData\Local\TempResumeUploadedWithPostiveFileScreenshots---2023-06-21 12-08-03.png'> <img src='C:\Users\TTS-USER\AppData\Local\TempResumeUploadedWithPostiveFileScreenshots---2023-06-21 12-08-03.png' height='100' width='100'/> </a>]]>
            </line>
            <line>
              <![CDATA[Candidate Resume Uploaded Successfully]]>
            </line>
          </reporter-output>
        </test-method> <!-- UploadSingleResumeWithPostive -->
        <test-method status="PASS" signature="UploadSingleResumeWithNegative(java.lang.String, java.lang.String)[pri:3, instance:com.Screenit.version3.Test.UploadIdResumeTestForPostiveAndNegativeflow@6321e813]" name="UploadSingleResumeWithNegative" duration-ms="17864" started-at="2023-06-21T12:08:03Z" finished-at="2023-06-21T12:08:21Z">
          <params>
            <param index="0">
              <value>
                <![CDATA[C:\\Users\\TTS-USER\\workspace\\com.TrueTech.ScreenIT.NewFlow\\sample\\samplejd\\MobileFullTestCases.xlsx]]>
              </value>
            </param>
            <param index="1">
              <value>
                <![CDATA[ResumeUploadedWithNegativeFileScreenshots]]>
              </value>
            </param>
          </params>
          <reporter-output>
            <line>
              <![CDATA[<a href='C:\Users\TTS-USER\AppData\Local\TempResumeUploadedWithNegativeFileScreenshots---2023-06-21 12-08-17.png'> <img src='C:\Users\TTS-USER\AppData\Local\TempResumeUploadedWithNegativeFileScreenshots---2023-06-21 12-08-17.png' height='100' width='100'/> </a>]]>
            </line>
            <line>
              <![CDATA[upload file should be pdf or docx]]>
            </line>
          </reporter-output>
        </test-method> <!-- UploadSingleResumeWithNegative -->
        <test-method status="PASS" signature="tearDown()[pri:0, instance:com.Screenit.version3.Test.UploadIdResumeTestForPostiveAndNegativeflow@6321e813]" name="tearDown" is-config="true" duration-ms="968" started-at="2023-06-21T12:08:21Z" finished-at="2023-06-21T12:08:22Z">
          <reporter-output>
          </reporter-output>
        </test-method> <!-- tearDown -->
      </class> <!-- com.Screenit.version3.Test.UploadIdResumeTestForPostiveAndNegativeflow -->
    </test> <!-- UploadSingleResume without EmailID and mobile number(.pdf) and NegativeResume for excel file -->
    <test name="Upload candidate resume with 2.5 mb and NegativeResume for textfile " duration-ms="119780" started-at="2023-06-21T06:38:22Z" finished-at="2023-06-21T06:40:22Z">
      <class name="com.Screenit.version3.Test.UploadIdResumeTestForPostiveAndNegativeflow">
        <test-method status="PASS" signature="setup()[pri:0, instance:com.Screenit.version3.Test.UploadIdResumeTestForPostiveAndNegativeflow@6737fd8f]" name="setup" is-config="true" duration-ms="2349" started-at="2023-06-21T12:08:22Z" finished-at="2023-06-21T12:08:24Z">
          <reporter-output>
            <line>
              <![CDATA[The chrome browser is open now]]>
            </line>
            <line>
              <![CDATA[The browser is maximize]]>
            </line>
          </reporter-output>
        </test-method> <!-- setup -->
        <test-method status="PASS" signature="login(java.lang.String, java.lang.String, java.lang.String)[pri:1, instance:com.Screenit.version3.Test.UploadIdResumeTestForPostiveAndNegativeflow@6737fd8f]" name="login" duration-ms="84056" started-at="2023-06-21T12:08:24Z" finished-at="2023-06-21T12:09:48Z">
          <params>
            <param index="0">
              <value>
                <![CDATA[san111@screenit.io]]>
              </value>
            </param>
            <param index="1">
              <value>
                <![CDATA[Welcome@1]]>
              </value>
            </param>
            <param index="2">
              <value>
                <![CDATA[loginScreenshot]]>
              </value>
            </param>
          </params>
          <reporter-output>
            <line>
              <![CDATA[Enter the Maild---------san111@screenit.io]]>
            </line>
            <line>
              <![CDATA[Enter the Password-----Welcome@1]]>
            </line>
            <line>
              <![CDATA[click the submit button]]>
            </line>
            <line>
              <![CDATA[<a href='C:\Users\TTS-USER\AppData\Local\TemploginScreenshot---2023-06-21 12-09-46.png'> <img src='C:\Users\TTS-USER\AppData\Local\TemploginScreenshot---2023-06-21 12-09-46.png' height='100' width='100'/> </a>]]>
            </line>
            <line>
              <![CDATA[succesfully login and navigate to the dashboard pagehttps://demo.screenit.io/#/dashboard_v3]]>
            </line>
          </reporter-output>
        </test-method> <!-- login -->
        <test-method status="PASS" signature="UploadSingleResumeWithPostive(java.lang.String, java.lang.String, java.lang.String)[pri:2, instance:com.Screenit.version3.Test.UploadIdResumeTestForPostiveAndNegativeflow@6737fd8f]" name="UploadSingleResumeWithPostive" duration-ms="14555" started-at="2023-06-21T12:09:48Z" finished-at="2023-06-21T12:10:03Z">
          <params>
            <param index="0">
              <value>
                <![CDATA[id]]>
              </value>
            </param>
            <param index="1">
              <value>
                <![CDATA[C:\\Users\\TTS-USER\\workspace\\com.TrueTech.ScreenIT.NewFlow\\sample\\samplejd\\Python - Fresher (Puvi)-compressed.pdf]]>
              </value>
            </param>
            <param index="2">
              <value>
                <![CDATA[ResumeUploadedWithPostiveFileScreenshots]]>
              </value>
            </param>
          </params>
          <reporter-output>
            <line>
              <![CDATA[<a href='C:\Users\TTS-USER\AppData\Local\TempResumeUploadedWithPostiveFileScreenshots---2023-06-21 12-10-03.png'> <img src='C:\Users\TTS-USER\AppData\Local\TempResumeUploadedWithPostiveFileScreenshots---2023-06-21 12-10-03.png' height='100' width='100'/> </a>]]>
            </line>
            <line>
              <![CDATA[Candidate Resume Uploaded Successfully]]>
            </line>
          </reporter-output>
        </test-method> <!-- UploadSingleResumeWithPostive -->
        <test-method status="PASS" signature="UploadSingleResumeWithNegative(java.lang.String, java.lang.String)[pri:3, instance:com.Screenit.version3.Test.UploadIdResumeTestForPostiveAndNegativeflow@6737fd8f]" name="UploadSingleResumeWithNegative" duration-ms="17690" started-at="2023-06-21T12:10:03Z" finished-at="2023-06-21T12:10:21Z">
          <params>
            <param index="0">
              <value>
                <![CDATA[C:\\Users\\TTS-USER\\workspace\\com.TrueTech.ScreenIT.NewFlow\\sample\\samplejd\\ExcelReader.txt]]>
              </value>
            </param>
            <param index="1">
              <value>
                <![CDATA[ResumeUploadedWithNegativeFileScreenshots]]>
              </value>
            </param>
          </params>
          <reporter-output>
            <line>
              <![CDATA[<a href='C:\Users\TTS-USER\AppData\Local\TempResumeUploadedWithNegativeFileScreenshots---2023-06-21 12-10-17.png'> <img src='C:\Users\TTS-USER\AppData\Local\TempResumeUploadedWithNegativeFileScreenshots---2023-06-21 12-10-17.png' height='100' width='100'/> </a>]]>
            </line>
            <line>
              <![CDATA[upload file should be pdf or docx]]>
            </line>
          </reporter-output>
        </test-method> <!-- UploadSingleResumeWithNegative -->
        <test-method status="PASS" signature="tearDown()[pri:0, instance:com.Screenit.version3.Test.UploadIdResumeTestForPostiveAndNegativeflow@6737fd8f]" name="tearDown" is-config="true" duration-ms="1120" started-at="2023-06-21T12:10:21Z" finished-at="2023-06-21T12:10:22Z">
          <reporter-output>
          </reporter-output>
        </test-method> <!-- tearDown -->
      </class> <!-- com.Screenit.version3.Test.UploadIdResumeTestForPostiveAndNegativeflow -->
    </test> <!-- Upload candidate resume with 2.5 mb and NegativeResume for textfile  -->
  </suite> <!--  Upload Resume for Screenit App -->
</testng-results>
