<?xml version="1.0" encoding="UTF-8"?>
<testng-results skipped="0" failed="0" ignored="0" total="1" passed="1">
  <reporter-output>
    <line>
      <![CDATA[The chrome browser is open now]]>
    </line>
    <line>
      <![CDATA[The browser is maximize]]>
    </line>
    <line>
      <![CDATA[Enter the Maild---------san12@screenit.io]]>
    </line>
    <line>
      <![CDATA[Enter the Password-----Welcome@1]]>
    </line>
    <line>
      <![CDATA[click the submit button]]>
    </line>
    <line>
      <![CDATA[<a href='C:\Users\TTS-USER\AppData\Local\TempLoginPagePostivescreenshotWithValidEmailidAndPassword---2023-07-11 13-01-48.png'> <img src='C:\Users\TTS-USER\AppData\Local\TempLoginPagePostivescreenshotWithValidEmailidAndPassword---2023-07-11 13-01-48.png' height='100' width='100'/> </a>]]>
    </line>
    <line>
      <![CDATA[Successfully login with valid creditals and Navigate to the dash board page--------https://test.screenit.io/#/dashboard_v3]]>
    </line>
  </reporter-output>
  <suite name="Screenit app for LoginPage" duration-ms="85021" started-at="2023-07-11T07:30:30Z" finished-at="2023-07-11T07:31:55Z">
    <groups>
    </groups>
    <test name="Screenit Valid email and valid password" duration-ms="85021" started-at="2023-07-11T07:30:30Z" finished-at="2023-07-11T07:31:55Z">
      <class name="com.Screenit.version3.Test.LoginTestForPostiveAndNegativeFlow">
        <test-method status="PASS" signature="startTest()[pri:0, instance:com.Screenit.version3.Test.LoginTestForPostiveAndNegativeFlow@4bec1f0c]" name="startTest" is-config="true" duration-ms="221" started-at="2023-07-11T13:00:30Z" finished-at="2023-07-11T13:00:31Z">
          <reporter-output>
          </reporter-output>
        </test-method> <!-- startTest -->
        <test-method status="PASS" signature="setUp()[pri:0, instance:com.Screenit.version3.Test.LoginTestForPostiveAndNegativeFlow@4bec1f0c]" name="setUp" is-config="true" duration-ms="3520" started-at="2023-07-11T13:00:31Z" finished-at="2023-07-11T13:00:34Z">
          <reporter-output>
            <line>
              <![CDATA[The chrome browser is open now]]>
            </line>
            <line>
              <![CDATA[The browser is maximize]]>
            </line>
          </reporter-output>
        </test-method> <!-- setUp -->
        <test-method status="PASS" signature="loginFunctionality(java.lang.String, java.lang.String, java.lang.String)[pri:1, instance:com.Screenit.version3.Test.LoginTestForPostiveAndNegativeFlow@4bec1f0c]" name="loginFunctionality" duration-ms="78664" started-at="2023-07-11T13:00:34Z" finished-at="2023-07-11T13:01:53Z">
          <params>
            <param index="0">
              <value>
                <![CDATA[san12@screenit.io]]>
              </value>
            </param>
            <param index="1">
              <value>
                <![CDATA[Welcome@1]]>
              </value>
            </param>
            <param index="2">
              <value>
                <![CDATA[LoginPagePostivescreenshotWithValidEmailidAndPassword]]>
              </value>
            </param>
          </params>
          <reporter-output>
            <line>
              <![CDATA[Enter the Maild---------san12@screenit.io]]>
            </line>
            <line>
              <![CDATA[Enter the Password-----Welcome@1]]>
            </line>
            <line>
              <![CDATA[click the submit button]]>
            </line>
            <line>
              <![CDATA[<a href='C:\Users\TTS-USER\AppData\Local\TempLoginPagePostivescreenshotWithValidEmailidAndPassword---2023-07-11 13-01-48.png'> <img src='C:\Users\TTS-USER\AppData\Local\TempLoginPagePostivescreenshotWithValidEmailidAndPassword---2023-07-11 13-01-48.png' height='100' width='100'/> </a>]]>
            </line>
            <line>
              <![CDATA[Successfully login with valid creditals and Navigate to the dash board page--------https://test.screenit.io/#/dashboard_v3]]>
            </line>
          </reporter-output>
        </test-method> <!-- loginFunctionality -->
        <test-method status="PASS" signature="capture()[pri:0, instance:com.Screenit.version3.Test.LoginTestForPostiveAndNegativeFlow@4bec1f0c]" name="capture" is-config="true" duration-ms="223" started-at="2023-07-11T13:01:53Z" finished-at="2023-07-11T13:01:53Z">
          <reporter-output>
          </reporter-output>
        </test-method> <!-- capture -->
        <test-method status="FAIL" signature="endTest()[pri:0, instance:com.Screenit.version3.Test.LoginTestForPostiveAndNegativeFlow@4bec1f0c]" name="endTest" is-config="true" duration-ms="2347" started-at="2023-07-11T13:01:53Z" finished-at="2023-07-11T13:01:55Z">
          <exception class="org.apache.commons.mail.EmailException">
            <message>
              <![CDATA[Sending the email to the following server failed : smtp.gmail.com:465]]>
            </message>
            <full-stacktrace>
              <![CDATA[org.apache.commons.mail.EmailException: Sending the email to the following server failed : smtp.gmail.com:465at org.apache.commons.mail.Email.sendMimeMessage(Email.java:1469)at org.apache.commons.mail.Email.send(Email.java:1496)at com.Screenit.version3.Initializer.Initializer.email(Initializer.java:145)at com.Screenit.version3.Test.LoginTestForPostiveAndNegativeFlow.endTest(LoginTestForPostiveAndNegativeFlow.java:141)at sun.reflect.NativeMethodAccessorImpl.invoke0(Native Method)at sun.reflect.NativeMethodAccessorImpl.invoke(Unknown Source)at sun.reflect.DelegatingMethodAccessorImpl.invoke(Unknown Source)at java.lang.reflect.Method.invoke(Unknown Source)at org.testng.internal.MethodInvocationHelper.invokeMethod(MethodInvocationHelper.java:124)at org.testng.internal.MethodInvocationHelper.invokeMethodConsideringTimeout(MethodInvocationHelper.java:59)at org.testng.internal.Invoker.invokeConfigurationMethod(Invoker.java:451)at org.testng.internal.Invoker.invokeConfigurations(Invoker.java:222)at org.testng.internal.Invoker.invokeConfigurations(Invoker.java:142)at org.testng.internal.TestMethodWorker.invokeAfterClassMethods(TestMethodWorker.java:208)at org.testng.internal.TestMethodWorker.run(TestMethodWorker.java:111)at org.testng.TestRunner.privateRun(TestRunner.java:648)at org.testng.TestRunner.run(TestRunner.java:505)at org.testng.SuiteRunner.runTest(SuiteRunner.java:455)at org.testng.SuiteRunner.runSequentially(SuiteRunner.java:450)at org.testng.SuiteRunner.privateRun(SuiteRunner.java:415)at org.testng.SuiteRunner.run(SuiteRunner.java:364)at org.testng.SuiteRunnerWorker.runSuite(SuiteRunnerWorker.java:52)at org.testng.SuiteRunnerWorker.run(SuiteRunnerWorker.java:84)at org.testng.TestNG.runSuitesSequentially(TestNG.java:1187)at org.testng.TestNG.runSuitesLocally(TestNG.java:1116)at org.testng.TestNG.runSuites(TestNG.java:1028)at org.testng.TestNG.run(TestNG.java:996)at org.testng.remote.AbstractRemoteTestNG.run(AbstractRemoteTestNG.java:114)at org.testng.remote.RemoteTestNG.initAndRun(RemoteTestNG.java:251)at org.testng.remote.RemoteTestNG.main(RemoteTestNG.java:77)Caused by: javax.mail.AuthenticationFailedException: 535-5.7.8 Username and Password not accepted. Learn more at535 5.7.8  https://support.google.com/mail/?p=BadCredentials y11-20020a637d0b000000b0055b149a6db5sm907202pgc.43 - gsmtpat com.sun.mail.smtp.SMTPTransport$Authenticator.authenticate(SMTPTransport.java:932)at com.sun.mail.smtp.SMTPTransport.authenticate(SMTPTransport.java:843)at com.sun.mail.smtp.SMTPTransport.protocolConnect(SMTPTransport.java:748)at javax.mail.Service.connect(Service.java:388)at javax.mail.Service.connect(Service.java:246)at javax.mail.Service.connect(Service.java:195)at javax.mail.Transport.send0(Transport.java:254)at javax.mail.Transport.send(Transport.java:124)at org.apache.commons.mail.Email.sendMimeMessage(Email.java:1459)... 29 more]]>
            </full-stacktrace>
          </exception> <!-- org.apache.commons.mail.EmailException -->
          <reporter-output>
          </reporter-output>
        </test-method> <!-- endTest -->
      </class> <!-- com.Screenit.version3.Test.LoginTestForPostiveAndNegativeFlow -->
    </test> <!-- Screenit Valid email and valid password -->
  </suite> <!-- Screenit app for LoginPage -->
</testng-results>
