<?xml version="1.0" encoding="UTF-8"?>
<!-- Generated by org.testng.reporters.JUnitXMLReporter -->
<testsuite hostname="TTS-SCRIT-5" ignored="0" name="Homepage Test Cases for postive and negative flow" tests="9" failures="0" timestamp="11 Jul 2023 05:13:39 GMT" time="245.719" errors="0">
  <testcase name="login" time="15.399" classname="com.Screenit.version3.Test.HomePageTestForPostiveAndNegativeFlow"/>
  <testcase name="HomepageFunctionality" time="7.876" classname="com.Screenit.version3.Test.HomePageTestForPostiveAndNegativeFlow"/>
  <testcase name="PostFunctionality" time="6.366" classname="com.Screenit.version3.Test.HomePageTestForPostiveAndNegativeFlow"/>
  <testcase name="PagenationFunctionality" time="17.936" classname="com.Screenit.version3.Test.HomePageTestForPostiveAndNegativeFlow"/>
  <testcase name="SearchFunctionalityUsingTitle" time="15.044" classname="com.Screenit.version3.Test.HomePageTestForPostiveAndNegativeFlow"/>
  <testcase name="SearchFunctionalityUsingKeySkill" time="12.845" classname="com.Screenit.version3.Test.HomePageTestForPostiveAndNegativeFlow"/>
  <testcase name="SearchFunctionalityUsingUniqueID" time="12.76" classname="com.Screenit.version3.Test.HomePageTestForPostiveAndNegativeFlow"/>
  <testcase name="ScrollPageFunctionality" time="5.087" classname="com.Screenit.version3.Test.HomePageTestForPostiveAndNegativeFlow"/>
  <testcase name="CheckPostCardCountsFunctionality" time="149.861" classname="com.Screenit.version3.Test.HomePageTestForPostiveAndNegativeFlow"/>
</testsuite> <!-- Homepage Test Cases for postive and negative flow -->
