<?xml version="1.0" encoding="UTF-8"?>
<!-- Generated by org.testng.reporters.JUnitXMLReporter -->
<testsuite hostname="TTS-SCRIT-5" ignored="0" name="Homepage Test Cases for postive and negative flow" tests="9" failures="0" timestamp="21 Jun 2023 06:46:29 GMT" time="367.139" errors="0">
  <testcase name="login" time="86.718" classname="com.Screenit.version3.Test.HomePageTestForPostiveAndNegativeFlow"/>
  <testcase name="HomepageFunctionality" time="8.863" classname="com.Screenit.version3.Test.HomePageTestForPostiveAndNegativeFlow"/>
  <testcase name="PostFunctionality" time="6.5" classname="com.Screenit.version3.Test.HomePageTestForPostiveAndNegativeFlow"/>
  <testcase name="PagenationFunctionality" time="29.88" classname="com.Screenit.version3.Test.HomePageTestForPostiveAndNegativeFlow"/>
  <testcase name="SearchFunctionalityUsingTitle" time="16.816" classname="com.Screenit.version3.Test.HomePageTestForPostiveAndNegativeFlow"/>
  <testcase name="SearchFunctionalityUsingKeySkill" time="13.953" classname="com.Screenit.version3.Test.HomePageTestForPostiveAndNegativeFlow"/>
  <testcase name="SearchFunctionalityUsingUniqueID" time="43.854" classname="com.Screenit.version3.Test.HomePageTestForPostiveAndNegativeFlow"/>
  <testcase name="ScrollPageFunctionality" time="5.11" classname="com.Screenit.version3.Test.HomePageTestForPostiveAndNegativeFlow"/>
  <testcase name="CheckPostCardCountsFunctionality" time="151.981" classname="com.Screenit.version3.Test.HomePageTestForPostiveAndNegativeFlow"/>
</testsuite> <!-- Homepage Test Cases for postive and negative flow -->
