<?xml version="1.0" encoding="UTF-8"?>
<!-- Generated by org.testng.reporters.JUnitXMLReporter -->
<testsuite hostname="TTS-SCRIT-5" ignored="1" name="Automation post" tests="3" failures="2" timestamp="30 May 2023 13:17:57 GMT" time="79.162" errors="0">
  <testcase name="loginFunctionality" time="13.657" classname="com.Screenit.version3.Test.UploadIDTestForPostiveAndNegativeFlow">
    <failure type="org.openqa.selenium.WebDriverException" message="disconnected: received Inspector.detached event
  (failed to check if window was closed: disconnected: Unable to receive message from renderer)
  (Session info: chrome=108.0.5359.95)
Build info: version: &amp;apos;3.141.59&amp;apos;, revision: &amp;apos;e82be7d358&amp;apos;, time: &amp;apos;2018-11-14T08:17:03&amp;apos;
System info: host: &amp;apos;TTS-SCRIT-5&amp;apos;, ip: &amp;apos;10.10.12.57&amp;apos;, os.name: &amp;apos;Windows 10&amp;apos;, os.arch: &amp;apos;amd64&amp;apos;, os.version: &amp;apos;10.0&amp;apos;, java.version: &amp;apos;1.8.0_321&amp;apos;
Driver info: org.openqa.selenium.chrome.ChromeDriver
Capabilities {acceptInsecureCerts: false, browserName: chrome, browserVersion: 108.0.5359.95, chrome: {chromedriverVersion: 108.0.5359.71 (1e0e3868ee06..., userDataDir: C:\Users\TTS-USER\AppData\L...}, goog:chromeOptions: {debuggerAddress: localhost:59334}, javascriptEnabled: true, networkConnectionEnabled: false, pageLoadStrategy: normal, platform: WINDOWS, platformName: WINDOWS, proxy: Proxy(), setWindowRect: true, strictFileInteractability: false, timeouts: {implicit: 0, pageLoad: 300000, script: 30000}, unhandledPromptBehavior: dismiss and notify, webauthn:extension:credBlob: true, webauthn:extension:largeBlob: true, webauthn:virtualAuthenticators: true}
Session ID: f57cec06683c7d011c0471340c33e567">
      <![CDATA[org.openqa.selenium.WebDriverException: disconnected: received Inspector.detached event  (failed to check if window was closed: disconnected: Unable to receive message from renderer)  (Session info: chrome=108.0.5359.95)Build info: version: '3.141.59', revision: 'e82be7d358', time: '2018-11-14T08:17:03'System info: host: 'TTS-SCRIT-5', ip: '10.10.12.57', os.name: 'Windows 10', os.arch: 'amd64', os.version: '10.0', java.version: '1.8.0_321'Driver info: org.openqa.selenium.chrome.ChromeDriverCapabilities {acceptInsecureCerts: false, browserName: chrome, browserVersion: 108.0.5359.95, chrome: {chromedriverVersion: 108.0.5359.71 (1e0e3868ee06..., userDataDir: C:\Users\TTS-USER\AppData\L...}, goog:chromeOptions: {debuggerAddress: localhost:59334}, javascriptEnabled: true, networkConnectionEnabled: false, pageLoadStrategy: normal, platform: WINDOWS, platformName: WINDOWS, proxy: Proxy(), setWindowRect: true, strictFileInteractability: false, timeouts: {implicit: 0, pageLoad: 300000, script: 30000}, unhandledPromptBehavior: dismiss and notify, webauthn:extension:credBlob: true, webauthn:extension:largeBlob: true, webauthn:virtualAuthenticators: true}Session ID: f57cec06683c7d011c0471340c33e567at org.openqa.selenium.remote.http.W3CHttpResponseCodec.createException(W3CHttpResponseCodec.java:187)at org.openqa.selenium.remote.http.W3CHttpResponseCodec.decode(W3CHttpResponseCodec.java:122)at org.openqa.selenium.remote.http.W3CHttpResponseCodec.decode(W3CHttpResponseCodec.java:49)at org.openqa.selenium.remote.HttpCommandExecutor.execute(HttpCommandExecutor.java:158)at org.openqa.selenium.remote.service.DriverCommandExecutor.execute(DriverCommandExecutor.java:83)at org.openqa.selenium.remote.RemoteWebDriver.execute(RemoteWebDriver.java:552)at org.openqa.selenium.remote.RemoteWebDriver.get(RemoteWebDriver.java:277)at com.Screenit.version3.Test.UploadIDTestForPostiveAndNegativeFlow.loginFunctionality(UploadIDTestForPostiveAndNegativeFlow.java:29)... Removed 29 stack frames]]>
    </failure>
  </testcase> <!-- loginFunctionality -->
  <testcase name="UploadIdFile" time="15.368" classname="com.Screenit.version3.Test.UploadIDTestForPostiveAndNegativeFlow"/>
  <testcase name="CreateInterviewerDescriptionIDWithClickResetButton" time="37.459" classname="com.Screenit.version3.Test.UploadIDTestForPostiveAndNegativeFlow">
    <failure type="java.lang.NullPointerException">
      <![CDATA[java.lang.NullPointerExceptionat com.Screenit.version3.Pages.DashBoardPage.verifyPostCreatedOrNOTWithResetButton(DashBoardPage.java:451)at com.Screenit.version3.Test.UploadIDTestForPostiveAndNegativeFlow.CreateInterviewerDescriptionIDWithClickResetButton(UploadIDTestForPostiveAndNegativeFlow.java:121)... Removed 25 stack frames]]>
    </failure>
  </testcase> <!-- CreateInterviewerDescriptionIDWithClickResetButton -->
  <testcase name="CreateInterviewerDescriptionID" time="0.0" classname="com.Screenit.version3.Test.UploadIDTestForPostiveAndNegativeFlow">
    <ignored/>
  </testcase> <!-- CreateInterviewerDescriptionID -->
</testsuite> <!-- Automation post -->
