<?xml version="1.0" encoding="UTF-8"?>
<!-- Generated by org.testng.reporters.JUnitXMLReporter -->
<testsuite hostname="TTS-SCRIT-5" ignored="0" name="Homepage Test Cases for postive and negative flow" tests="9" failures="1" timestamp="06 Jun 2023 11:15:09 GMT" time="336.003" errors="0">
  <testcase name="login" time="62.566" classname="com.Screenit.version3.Test.HomePageTestForPostiveAndNegativeFlow">
    <failure type="java.lang.AssertionError" message="expected [https://test.screenit.io/#/dashboard_v3] but found [https://org.screenit.io/#/dashboard_v3]">
      <![CDATA[java.lang.AssertionError: expected [https://test.screenit.io/#/dashboard_v3] but found [https://org.screenit.io/#/dashboard_v3]at com.Screenit.version3.Pages.LoginPage.VerifyNavigateToTheDashBoard(LoginPage.java:64)at com.Screenit.version3.Test.HomePageTestForPostiveAndNegativeFlow.login(HomePageTestForPostiveAndNegativeFlow.java:52)... Removed 31 stack frames]]>
    </failure>
  </testcase> <!-- login -->
  <testcase name="HomepageFunctionality" time="8.153" classname="com.Screenit.version3.Test.HomePageTestForPostiveAndNegativeFlow"/>
  <testcase name="PostFunctionality" time="6.393" classname="com.Screenit.version3.Test.HomePageTestForPostiveAndNegativeFlow"/>
  <testcase name="PagenationFunctionality" time="26.474" classname="com.Screenit.version3.Test.HomePageTestForPostiveAndNegativeFlow"/>
  <testcase name="SearchFunctionalityUsingTitle" time="15.207" classname="com.Screenit.version3.Test.HomePageTestForPostiveAndNegativeFlow"/>
  <testcase name="SearchFunctionalityUsingKeySkill" time="12.935" classname="com.Screenit.version3.Test.HomePageTestForPostiveAndNegativeFlow"/>
  <testcase name="SearchFunctionalityUsingUniqueID" time="12.93" classname="com.Screenit.version3.Test.HomePageTestForPostiveAndNegativeFlow"/>
  <testcase name="ScrollPageFunctionality" time="5.101" classname="com.Screenit.version3.Test.HomePageTestForPostiveAndNegativeFlow"/>
  <testcase name="CheckPostCardCountsFunctionality" time="179.621" classname="com.Screenit.version3.Test.HomePageTestForPostiveAndNegativeFlow"/>
</testsuite> <!-- Homepage Test Cases for postive and negative flow -->
