<?xml version="1.0" encoding="UTF-8"?>
<!-- Generated by org.testng.reporters.JUnitXMLReporter -->
<testsuite hostname="TTS-SCRIT-5" ignored="0" name="Java developer post4" tests="3" failures="0" timestamp="05 May 2023 05:43:45 GMT" time="90.29" errors="0">
  <testcase name="login" time="5.748" classname="com.Screenit.version3.pages.UploadID"/>
  <testcase name="uploadIDFile" time="5.416" classname="com.Screenit.version3.pages.UploadID"/>
  <testcase name="CreateInterviewerDescriptionID" time="45.112" classname="com.Screenit.version3.pages.UploadID"/>
</testsuite> <!-- Java developer post4 -->
