<?xml version="1.0" encoding="UTF-8"?>
<!-- Generated by org.testng.reporters.JUnitXMLReporter -->
<testsuite hostname="TTS-SCRIT-5" ignored="0" name="Java developer post2" tests="3" failures="0" timestamp="05 May 2023 05:40:54 GMT" time="69.193" errors="0">
  <testcase name="login" time="4.015" classname="com.Screenit.version3.pages.UploadID"/>
  <testcase name="uploadIDFile" time="4.382" classname="com.Screenit.version3.pages.UploadID"/>
  <testcase name="CreateInterviewerDescriptionID" time="31.654" classname="com.Screenit.version3.pages.UploadID"/>
</testsuite> <!-- Java developer post2 -->
