<?xml version="1.0" encoding="UTF-8"?>
<!-- Generated by org.testng.reporters.JUnitXMLReporter -->
<testsuite hostname="TTS-SCRIT-5" ignored="0" name="Screenit Signup Valid email and valid password" tests="1" failures="1" timestamp="19 May 2023 11:53:55 GMT" time="98.258" errors="0">
  <testcase name="SignUpTestCasesForEmailIdAndMobileNumber" time="6.526" classname="com.Screenit.version3.pages.SignUpPostiveAndNegativeFlowforEmailidandMobilenumber">
    <failure type="java.lang.AssertionError" message="expected [True] but found [true]">
      <![CDATA[java.lang.AssertionError: expected [True] but found [true]at com.Screenit.version3.pages.SignUpPostiveAndNegativeFlowforEmailidandMobilenumber.SignUpTestCasesForEmailIdAndMobileNumber(SignUpPostiveAndNegativeFlowforEmailidandMobilenumber.java:78)... Removed 30 stack frames]]>
    </failure>
  </testcase> <!-- SignUpTestCasesForEmailIdAndMobileNumber -->
</testsuite> <!-- Screenit Signup Valid email and valid password -->
