<?xml version="1.0" encoding="UTF-8"?>
<!-- Generated by org.testng.reporters.JUnitXMLReporter -->
<testsuite hostname="TTS-SCRIT-5" ignored="0" name="Screenit Valid email and Invalid password" tests="1" failures="1" timestamp="28 May 2023 06:31:48 GMT" time="9.173" errors="0">
  <testcase name="loginFunctionality" time="6.435" classname="com.Screenit.version3.pages.LoginPage">
    <failure type="java.lang.NullPointerException">
      <![CDATA[java.lang.NullPointerExceptionat Pages.Login.EnterMail(Login.java:17)at com.Screenit.version3.pages.LoginPage.loginFunctionality(LoginPage.java:57)... Removed 25 stack frames]]>
    </failure>
  </testcase> <!-- loginFunctionality -->
</testsuite> <!-- Screenit Valid email and Invalid password -->
