<?xml version="1.0" encoding="UTF-8"?>
<!-- Generated by org.testng.reporters.JUnitXMLReporter -->
<testsuite hostname="TTS-SCRIT-5" ignored="0" name="Screenit Signup Valid email and valid mobilenumber" tests="1" failures="0" timestamp="09 Jun 2023 05:39:45 GMT" time="66.193" errors="0">
  <testcase name="SignUpTestCasesForEmailIdAndMobileNumber" time="63.217" classname="com.Screenit.version3.Test.SignupTestForPostiveAndNegativeFlow"/>
</testsuite> <!-- Screenit Signup Valid email and valid mobilenumber -->
