<?xml version="1.0" encoding="UTF-8"?>
<!-- Generated by org.testng.reporters.JUnitXMLReporter -->
<testsuite hostname="TTS-SCRIT-5" ignored="0" name="Screenit Signup InValid email and  Mobilenumber" tests="1" failures="0" timestamp="09 Jun 2023 05:42:27 GMT" time="85.667" errors="0">
  <testcase name="SignUpTestCasesForEmailIdAndMobileNumber" time="82.49" classname="com.Screenit.version3.Test.SignupTestForPostiveAndNegativeFlow"/>
</testsuite> <!-- Screenit Signup InValid email and  Mobilenumber -->
