<?xml version="1.0" encoding="UTF-8"?>
<!-- Generated by org.testng.reporters.JUnitXMLReporter -->
<testsuite hostname="TTS-SCRIT-5" ignored="0" name="UploadSingleResume without EmailID and mobile number" tests="2" failures="0" timestamp="23 May 2023 07:19:02 GMT" time="100.518" errors="0">
  <testcase name="login" time="3.865" classname="com.Screenit.version3.pages.UploadResumePostiveAndNegativeflow"/>
  <testcase name="UploadSingleResumeWithPostive" time="12.618" classname="com.Screenit.version3.pages.UploadResumePostiveAndNegativeflow"/>
</testsuite> <!-- UploadSingleResume without EmailID and mobile number -->
