<?xml version="1.0" encoding="UTF-8"?>
<!-- Generated by org.testng.reporters.JUnitXMLReporter -->
<testsuite hostname="TTS-SCRIT-5" ignored="0" name="UploadSingleResume without EmailID and mobile number(.pdf)" tests="3" failures="1" timestamp="23 May 2023 12:04:16 GMT" time="71.566" errors="0">
  <testcase name="login" time="4.477" classname="com.Screenit.version3.pages.UploadResumePostiveAndNegativeflow"/>
  <testcase name="UploadSingleResumeWithPostive" time="13.059" classname="com.Screenit.version3.pages.UploadResumePostiveAndNegativeflow"/>
  <testcase name="UploadSingleResumeWithNegative" time="0.0" classname="com.Screenit.version3.pages.UploadResumePostiveAndNegativeflow">
    <failure type="org.testng.TestNGException" message="
Parameter &amp;apos;file1&amp;apos; is required by @Test on method UploadSingleResumeWithNegative but has not been marked @Optional or defined
in C:\Users\TTS-USER\workspace\com.TestngFramework.ScreenitV3\UploadResumePostiveAndNegative.xml">
      <![CDATA[org.testng.TestNGException: Parameter 'file1' is required by @Test on method UploadSingleResumeWithNegative but has not been marked @Optional or definedin C:\Users\TTS-USER\workspace\com.TestngFramework.ScreenitV3\UploadResumePostiveAndNegative.xml... Removed 24 stack frames]]>
    </failure>
  </testcase> <!-- UploadSingleResumeWithNegative -->
</testsuite> <!-- UploadSingleResume without EmailID and mobile number(.pdf) -->
