<?xml version="1.0" encoding="UTF-8"?>
<!-- Generated by org.testng.reporters.JUnitXMLReporter -->
<testsuite hostname="TTS-SCRIT-5" ignored="0" name="UploadSingleResume with EmailID and mobile number(.Docx) and NegativeResume for above 3mb" tests="3" failures="2" timestamp="05 Jun 2023 07:06:09 GMT" time="157.171" errors="0">
  <testcase name="@AfterTest screenShotForFailedTestCase" time="0.0" classname="com.Screenit.version3.Test.UploadIdResumeTestForPostiveAndNegativeflow">
    <failure type="org.testng.TestNGException" message="
Can inject only one of &amp;lt;ITestContext, XmlTest&amp;gt; into a @AfterTest annotated screenShotForFailedTestCase.
For more information on native dependency injection please refer to http://testng.org/doc/documentation-main.html#native-dependency-injection">
      <![CDATA[org.testng.TestNGException: Can inject only one of <ITestContext, XmlTest> into a @AfterTest annotated screenShotForFailedTestCase.For more information on native dependency injection please refer to http://testng.org/doc/documentation-main.html#native-dependency-injection... Removed 21 stack frames]]>
    </failure>
  </testcase> <!-- @AfterTest screenShotForFailedTestCase -->
  <testcase name="login" time="85.594" classname="com.Screenit.version3.Test.UploadIdResumeTestForPostiveAndNegativeflow">
    <failure type="java.lang.AssertionError" message="expected [https://test.screenit.io/#/dashboard_v3] but found [https://demo.screenit.io/#/dashboard_v3]">
      <![CDATA[java.lang.AssertionError: expected [https://test.screenit.io/#/dashboard_v3] but found [https://demo.screenit.io/#/dashboard_v3]at com.Screenit.version3.Pages.LoginPage.VerifyNavigateToTheDashBoard(LoginPage.java:64)at com.Screenit.version3.Test.UploadIdResumeTestForPostiveAndNegativeflow.login(UploadIdResumeTestForPostiveAndNegativeflow.java:57)... Removed 31 stack frames]]>
    </failure>
  </testcase> <!-- login -->
  <testcase name="UploadSingleResumeWithPostive" time="17.979" classname="com.Screenit.version3.Test.UploadIdResumeTestForPostiveAndNegativeflow"/>
  <testcase name="UploadSingleResumeWithNegative" time="47.162" classname="com.Screenit.version3.Test.UploadIdResumeTestForPostiveAndNegativeflow">
    <failure type="java.lang.NullPointerException">
      <![CDATA[java.lang.NullPointerExceptionat com.Screenit.version3.Pages.CandidateProfilePage.verifyUploadResumeWithNegativeFlow(CandidateProfilePage.java:118)at com.Screenit.version3.Test.UploadIdResumeTestForPostiveAndNegativeflow.UploadSingleResumeWithNegative(UploadIdResumeTestForPostiveAndNegativeflow.java:102)... Removed 25 stack frames]]>
    </failure>
  </testcase> <!-- UploadSingleResumeWithNegative -->
</testsuite> <!-- UploadSingleResume with EmailID and mobile number(.Docx) and NegativeResume for above 3mb -->
