<?xml version="1.0" encoding="UTF-8"?>
<!-- Generated by org.testng.reporters.JUnitXMLReporter -->
<testsuite ignored="0" hostname="TTS-SCRIT-5" failures="0" tests="1" name="Screenit Signup InValid email and  Mobilenumber" time="41.781" errors="0" timestamp="2023-08-01T12:36:53 IST">
  <testcase classname="com.Screenit.version3.Test.SignupTestForPostiveAndNegativeFlow" name="SignUpTestCasesForEmailIdAndMobileNumber" time="38.803"/>
</testsuite> <!-- Screenit Signup InValid email and  Mobilenumber -->
