<?xml version="1.0" encoding="UTF-8"?>
<!-- Generated by org.testng.reporters.JUnitXMLReporter -->
<testsuite hostname="TTS-SCRIT-5" ignored="0" name="Screenit Signup Valid email and valid mobilenumber" tests="1" failures="0" timestamp="21 Jun 2023 06:13:50 GMT" time="69.902" errors="0">
  <testcase name="SignUpTestCasesForEmailIdAndMobileNumber" time="66.662" classname="com.Screenit.version3.Test.SignupTestForPostiveAndNegativeFlow"/>
</testsuite> <!-- Screenit Signup Valid email and valid mobilenumber -->
