<?xml version="1.0" encoding="UTF-8"?>
<!-- Generated by org.testng.reporters.JUnitXMLReporter -->
<testsuite hostname="TTS-SCRIT-5" ignored="0" name="Screenit Signup Valid email and Invalid mobilenumber" tests="1" failures="0" timestamp="21 Jun 2023 06:15:05 GMT" time="74.731" errors="0">
  <testcase name="SignUpTestCasesForEmailIdAndMobileNumber" time="71.415" classname="com.Screenit.version3.Test.SignupTestForPostiveAndNegativeFlow"/>
</testsuite> <!-- Screenit Signup Valid email and Invalid mobilenumber -->
