<?xml version="1.0" encoding="UTF-8"?>
<!-- Generated by org.testng.reporters.JUnitXMLReporter -->
<testsuite hostname="TTS-SCRIT-5" ignored="0" name="Screenit Signup InValid email and  Mobilenumber" tests="1" failures="0" timestamp="11 Jul 2023 04:47:43 GMT" time="35.902" errors="0">
  <testcase name="SignUpTestCasesForEmailIdAndMobileNumber" time="33.352" classname="com.Screenit.version3.Test.SignupTestForPostiveAndNegativeFlow"/>
</testsuite> <!-- Screenit Signup InValid email and  Mobilenumber -->
