<?xml version="1.0" encoding="UTF-8"?>
<!-- Generated by org.testng.reporters.JUnitXMLReporter -->
<testsuite ignored="0" hostname="TTS-SCRIT-5" failures="0" tests="1" name="Screenit Signup Valid email and valid mobilenumber" time="40.964" errors="0" timestamp="2023-08-01T12:35:29 IST">
  <testcase classname="com.Screenit.version3.Test.SignupTestForPostiveAndNegativeFlow" name="SignUpTestCasesForEmailIdAndMobileNumber" time="38.448"/>
</testsuite> <!-- Screenit Signup Valid email and valid mobilenumber -->
